This is pdfTeX, Version 3.141592653-2.6-1.40.25 (TeX Live 2023) (preloaded format=pdflatex 2023.10.19)  23 OCT 2023 10:50
entering extended mode
 restricted \write18 enabled.
 %&-line parsing enabled.
**Implementacija.tex
(./Implementacija.tex
LaTeX2e <2023-06-01> patch level 1
L3 programming layer <2023-10-10>
! Undefined control sequence.
l.1 \chapter
            {Implementacija i korisničko sučelje}
The control sequence at the end of the top line
of your error message was never \def'ed. If you have
misspelled it (e.g., `\hobx'), type `I' and the correct
spelling (e.g., `I\hbox'). Otherwise just continue,
and I'll forget about whatever was undefined.


! LaTeX Error: Missing \begin{document}.

See the LaTeX manual or LaTeX Companion for explanation.
Type  H <return>  for immediate help.
 ...                                              
                                                  
l.1 \chapter{I
              mplementacija i korisničko sučelje}
You're in trouble here.  Try typing  <return>  to proceed.
If that doesn't work, type  X <return>  to quit.

Missing character: There is no I in font nullfont!
Missing character: There is no m in font nullfont!
Missing character: There is no p in font nullfont!
Missing character: There is no l in font nullfont!
Missing character: There is no e in font nullfont!
Missing character: There is no m in font nullfont!
Missing character: There is no e in font nullfont!
Missing character: There is no n in font nullfont!
Missing character: There is no t in font nullfont!
Missing character: There is no a in font nullfont!
Missing character: There is no c in font nullfont!
Missing character: There is no i in font nullfont!
Missing character: There is no j in font nullfont!
Missing character: There is no a in font nullfont!
Missing character: There is no i in font nullfont!
Missing character: There is no k in font nullfont!
Missing character: There is no o in font nullfont!
Missing character: There is no r in font nullfont!
Missing character: There is no i in font nullfont!
Missing character: There is no s in font nullfont!
Missing character: There is no n in font nullfont!
Missing character: There is no i in font nullfont!
LaTeX Font Info:    Trying to load font information for +cmr on input line 1.
LaTeX Font Info:    No file cmr.fd. on input line 1.

LaTeX Font Warning: Font shape `/cmr/m/n' undefined
(Font)              using `/cmr/m/n' instead on input line 1.

! Corrupted NFSS tables.
wrong@fontshape ...message {Corrupted NFSS tables}
                                                  error@fontshape else let f...
l.1 \chapter{Implementacija i korisnič
                                       ko sučelje}
This error message was generated by an \errmessage
command, so I can't give any explicit help.
Pretend that you're Hercule Poirot: Examine all clues,
and deduce the truth by order and method.


LaTeX Font Warning: Font shape `/cmr/m/n' undefined
(Font)              using `OT1/cmr/m/n' instead on input line 1.

Missing character: There is no k in font nullfont!
Missing character: There is no o in font nullfont!
Missing character: There is no s in font nullfont!
Missing character: There is no u in font nullfont!
Missing character: There is no e in font nullfont!
Missing character: There is no l in font nullfont!
Missing character: There is no j in font nullfont!
Missing character: There is no e in font nullfont!

Overfull \hbox (20.0pt too wide) in paragraph at lines 1--2
[]
 []


Overfull \hbox (9.44446pt too wide) in paragraph at lines 1--2
\/cmr/m/n/10 ^^Tc
 []


Overfull \hbox (4.44444pt too wide) in paragraph at lines 1--2
\/cmr/m/n/10 ^^Tc 
 []

! Undefined control sequence.
l.4 		\section
              {Korištene tehnologije i alati}
The control sequence at the end of the top line
of your error message was never \def'ed. If you have
misspelled it (e.g., `\hobx'), type `I' and the correct
spelling (e.g., `I\hbox'). Otherwise just continue,
and I'll forget about whatever was undefined.


! LaTeX Error: Missing \begin{document}.

See the LaTeX manual or LaTeX Companion for explanation.
Type  H <return>  for immediate help.
 ...                                              
                                                  
l.4 		\section{K
                orištene tehnologije i alati}
You're in trouble here.  Try typing  <return>  to proceed.
If that doesn't work, type  X <return>  to quit.

Missing character: There is no K in font nullfont!
Missing character: There is no o in font nullfont!
Missing character: There is no r in font nullfont!
Missing character: There is no i in font nullfont!
Missing character: There is no t in font nullfont!
Missing character: There is no e in font nullfont!
Missing character: There is no n in font nullfont!
Missing character: There is no e in font nullfont!
Missing character: There is no t in font nullfont!
Missing character: There is no e in font nullfont!
Missing character: There is no h in font nullfont!
Missing character: There is no n in font nullfont!
Missing character: There is no o in font nullfont!
Missing character: There is no l in font nullfont!
Missing character: There is no o in font nullfont!
Missing character: There is no g in font nullfont!
Missing character: There is no i in font nullfont!
Missing character: There is no j in font nullfont!
Missing character: There is no e in font nullfont!
Missing character: There is no i in font nullfont!
Missing character: There is no a in font nullfont!
Missing character: There is no l in font nullfont!
Missing character: There is no a in font nullfont!
Missing character: There is no t in font nullfont!
Missing character: There is no i in font nullfont!

Overfull \hbox (23.94444pt too wide) in paragraph at lines 4--5
[]\/cmr/m/n/10 ^^Ts
 []


! LaTeX Error: Missing \begin{document}.

See the LaTeX manual or LaTeX Companion for explanation.
Type  H <return>  for immediate help.
 ...                                              
                                                  
l.6 			\textbf{\textit{dio 2. revizije}}
                                        
You're in trouble here.  Try typing  <return>  to proceed.
If that doesn't work, type  X <return>  to quit.


Overfull \hbox (35.37761pt too wide) in paragraph at lines 6--7
[]\OT1/cmr/bx/it/10 dio
 []


Overfull \hbox (9.46657pt too wide) in paragraph at lines 6--7
\OT1/cmr/bx/it/10 2.
 []


Overfull \hbox (13.89432pt too wide) in paragraph at lines 6--7
\OT1/cmr/bx/it/10 re-
 []


Overfull \hbox (17.92761pt too wide) in paragraph at lines 6--7
\OT1/cmr/bx/it/10 viz-
 []


Overfull \hbox (13.28322pt too wide) in paragraph at lines 6--7
\OT1/cmr/bx/it/10 ije 
 []


! LaTeX Error: Missing \begin{document}.

See the LaTeX manual or LaTeX Companion for explanation.
Type  H <return>  for immediate help.
 ...                                              
                                                  
l.8 ...se mogu preuzeti ili više saznati o njima}
                                                  .
You're in trouble here.  Try typing  <return>  to proceed.
If that doesn't work, type  X <return>  to quit.

Missing character: There is no . in font nullfont!

Overfull \hbox (56.93864pt too wide) in paragraph at lines 8--9
[]\OT1/cmr/m/it/10 Detaljno
 []


Overfull \hbox (30.4109pt too wide) in paragraph at lines 8--9
\OT1/cmr/m/it/10 navesti
 []


Overfull \hbox (13.28879pt too wide) in paragraph at lines 8--9
\OT1/cmr/m/it/10 sve
 []


Overfull \hbox (46.25523pt too wide) in paragraph at lines 8--9
\OT1/cmr/m/it/10 tehnologije
 []


Overfull \hbox (3.06665pt too wide) in paragraph at lines 8--9
\OT1/cmr/m/it/10 i
 []


Overfull \hbox (20.69986pt too wide) in paragraph at lines 8--9
\OT1/cmr/m/it/10 alate
 []


Overfull \hbox (15.84435pt too wide) in paragraph at lines 8--9
\OT1/cmr/m/it/10 koji
 []


Overfull \hbox (9.4555pt too wide) in paragraph at lines 8--9
\OT1/cmr/m/it/10 su
 []


Overfull \hbox (24.14984pt too wide) in paragraph at lines 8--9
\OT1/cmr/m/it/10 prim-
 []


Overfull \hbox (6.6444pt too wide) in paragraph at lines 8--9
\OT1/cmr/m/it/10 i-
 []


Overfull \hbox (16.86655pt too wide) in paragraph at lines 8--9
\OT1/cmr/m/it/10 jen-
 []


Overfull \hbox (16.35545pt too wide) in paragraph at lines 8--9
\OT1/cmr/m/it/10 jeni
 []


Overfull \hbox (12.39436pt too wide) in paragraph at lines 8--9
\OT1/cmr/m/it/10 pri
 []


Overfull \hbox (24.14984pt too wide) in paragraph at lines 8--9
\OT1/cmr/m/it/10 izradi
 []


Overfull \hbox (23.76651pt too wide) in paragraph at lines 8--9
\OT1/cmr/m/it/10 doku-
 []


Overfull \hbox (42.16638pt too wide) in paragraph at lines 8--9
\OT1/cmr/m/it/10 mentacije
 []


Overfull \hbox (3.06665pt too wide) in paragraph at lines 8--9
\OT1/cmr/m/it/10 i
 []


Overfull \hbox (13.79991pt too wide) in paragraph at lines 8--9
\OT1/cmr/m/it/10 ap-
 []


Overfull \hbox (33.73311pt too wide) in paragraph at lines 8--9
\OT1/cmr/m/it/10 likacije.
 []


Overfull \hbox (33.88307pt too wide) in paragraph at lines 8--9
\OT1/cmr/m/it/10 Ukratko
 []


Overfull \hbox (8.17773pt too wide) in paragraph at lines 8--9
\OT1/cmr/m/it/10 ih
 []


Overfull \hbox (31.94426pt too wide) in paragraph at lines 8--9
\OT1/cmr/m/it/10 opisati,
 []


Overfull \hbox (7.92215pt too wide) in paragraph at lines 8--9
\OT1/cmr/m/it/10 te
 []


Overfull \hbox (30.4109pt too wide) in paragraph at lines 8--9
\OT1/cmr/m/it/10 navesti
 []


Overfull \hbox (15.33324pt too wide) in paragraph at lines 8--9
\OT1/cmr/m/it/10 nji-
 []


Overfull \hbox (19.93321pt too wide) in paragraph at lines 8--9
\OT1/cmr/m/it/10 hovo
 []


Overfull \hbox (37.31087pt too wide) in paragraph at lines 8--9
\OT1/cmr/m/it/10 zna^^Tcenje
 []


Overfull \hbox (3.06665pt too wide) in paragraph at lines 8--9
\OT1/cmr/m/it/10 i
 []


Overfull \hbox (28.36649pt too wide) in paragraph at lines 8--9
\OT1/cmr/m/it/10 mjesto
 []


Overfull \hbox (24.14984pt too wide) in paragraph at lines 8--9
\OT1/cmr/m/it/10 prim-
 []


Overfull \hbox (20.95541pt too wide) in paragraph at lines 8--9
\OT1/cmr/m/it/10 jene.
 []


Overfull \hbox (11.24437pt too wide) in paragraph at lines 8--9
\OT1/cmr/m/it/10 Za
 []


Overfull \hbox (21.46652pt too wide) in paragraph at lines 8--9
\OT1/cmr/m/it/10 svaki
 []


Overfull \hbox (23.51094pt too wide) in paragraph at lines 8--9
\OT1/cmr/m/it/10 nave-
 []


Overfull \hbox (18.39989pt too wide) in paragraph at lines 8--9
\OT1/cmr/m/it/10 deni
 []


Overfull \hbox (16.0999pt too wide) in paragraph at lines 8--9
\OT1/cmr/m/it/10 alat
 []


Overfull \hbox (3.06665pt too wide) in paragraph at lines 8--9
\OT1/cmr/m/it/10 i
 []


Overfull \hbox (47.02191pt too wide) in paragraph at lines 8--9
\OT1/cmr/m/it/10 tehnologiju
 []


Overfull \hbox (7.66661pt too wide) in paragraph at lines 8--9
\OT1/cmr/m/it/10 je
 []


Overfull \hbox (36.67194pt too wide) in paragraph at lines 8--9
\OT1/cmr/m/it/10 potrebno
 []


Overfull \hbox (35.33018pt too wide) in paragraph at lines 8--9
\OT1/cmr/bx/it/10 navesti
 []


Overfull \hbox (14.19987pt too wide) in paragraph at lines 8--9
\OT1/cmr/bx/it/10 in-
 []


Overfull \hbox (18.33318pt too wide) in paragraph at lines 8--9
\OT1/cmr/bx/it/10 ter-
 []


Overfull \hbox (15.67206pt too wide) in paragraph at lines 8--9
\OT1/cmr/bx/it/10 net
 []


Overfull \hbox (48.36613pt too wide) in paragraph at lines 8--9
\OT1/cmr/bx/it/10 poveznicu
 []


Overfull \hbox (17.37766pt too wide) in paragraph at lines 8--9
\OT1/cmr/m/it/10 gdje
 []


Overfull \hbox (8.68883pt too wide) in paragraph at lines 8--9
\OT1/cmr/m/it/10 se
 []


Overfull \hbox (22.7443pt too wide) in paragraph at lines 8--9
\OT1/cmr/m/it/10 mogu
 []


Overfull \hbox (33.86086pt too wide) in paragraph at lines 8--9
\OT1/cmr/m/it/10 preuzeti
 []


Overfull \hbox (8.68884pt too wide) in paragraph at lines 8--9
\OT1/cmr/m/it/10 ili
 []


Overfull \hbox (16.35544pt too wide) in paragraph at lines 8--9
\OT1/cmr/m/it/10 vi^^Tse
 []


Overfull \hbox (16.86656pt too wide) in paragraph at lines 8--9
\OT1/cmr/m/it/10 saz-
 []


Overfull \hbox (17.12212pt too wide) in paragraph at lines 8--9
\OT1/cmr/m/it/10 nati
 []


Overfull \hbox (5.11108pt too wide) in paragraph at lines 8--9
\OT1/cmr/m/it/10 o
 []


Overfull \hbox (25.04431pt too wide) in paragraph at lines 8--9
\OT1/cmr/m/it/10 njima 
 []


Underfull \vbox (badness 10000) has occurred while \output is active []



! LaTeX Error: The font size command \normalsize is not defined:
               there is probably something wrong with the class file.

See the LaTeX manual or LaTeX Companion for explanation.
Type  H <return>  for immediate help.
 ...                                              
                                                  
l.11 			\eject
              
Your command was ignored.
Type  I <command> <return>  to replace it with another command,
or  <return>  to continue without it.

[1{c:/texlive/2023/texmf-var/fonts/map/pdftex/updmap/pdftex.map}]
! Undefined control sequence.
l.14 		\section
               {Ispitivanje programskog rješenja}
The control sequence at the end of the top line
of your error message was never \def'ed. If you have
misspelled it (e.g., `\hobx'), type `I' and the correct
spelling (e.g., `I\hbox'). Otherwise just continue,
and I'll forget about whatever was undefined.


! LaTeX Error: Missing \begin{document}.

See the LaTeX manual or LaTeX Companion for explanation.
Type  H <return>  for immediate help.
 ...                                              
                                                  
l.14 		\section{I
                 spitivanje programskog rješenja}
You're in trouble here.  Try typing  <return>  to proceed.
If that doesn't work, type  X <return>  to quit.

Missing character: There is no I in font nullfont!
Missing character: There is no s in font nullfont!
Missing character: There is no p in font nullfont!
Missing character: There is no i in font nullfont!
Missing character: There is no t in font nullfont!
Missing character: There is no i in font nullfont!
Missing character: There is no v in font nullfont!
Missing character: There is no a in font nullfont!
Missing character: There is no n in font nullfont!
Missing character: There is no j in font nullfont!
Missing character: There is no e in font nullfont!
Missing character: There is no p in font nullfont!
Missing character: There is no r in font nullfont!
Missing character: There is no o in font nullfont!
Missing character: There is no g in font nullfont!
Missing character: There is no r in font nullfont!
Missing character: There is no a in font nullfont!
Missing character: There is no m in font nullfont!
Missing character: There is no s in font nullfont!
Missing character: There is no k in font nullfont!
Missing character: There is no o in font nullfont!
Missing character: There is no g in font nullfont!
Missing character: There is no r in font nullfont!
Missing character: There is no j in font nullfont!
Missing character: There is no e in font nullfont!
Missing character: There is no e in font nullfont!
Missing character: There is no n in font nullfont!
Missing character: There is no j in font nullfont!
Missing character: There is no a in font nullfont!

Overfull \hbox (20.0pt too wide) in paragraph at lines 14--15
[]
 []


Overfull \hbox (3.94444pt too wide) in paragraph at lines 14--15
\/cmr/m/n/10 ^^Ts 
 []


! LaTeX Error: Missing \begin{document}.

See the LaTeX manual or LaTeX Companion for explanation.
Type  H <return>  for immediate help.
 ...                                              
                                                  
l.16 			\textbf{\textit{dio 2. revizije}}
                                         \\
You're in trouble here.  Try typing  <return>  to proceed.
If that doesn't work, type  X <return>  to quit.


Overfull \hbox (35.37761pt too wide) in paragraph at lines 16--17
[]\OT1/cmr/bx/it/10 dio
 []


Overfull \hbox (9.46657pt too wide) in paragraph at lines 16--17
\OT1/cmr/bx/it/10 2.
 []


Overfull \hbox (13.89432pt too wide) in paragraph at lines 16--17
\OT1/cmr/bx/it/10 re-
 []


Overfull \hbox (17.92761pt too wide) in paragraph at lines 16--17
\OT1/cmr/bx/it/10 viz-
 []


Overfull \hbox (13.28322pt too wide) in paragraph at lines 16--17
\OT1/cmr/bx/it/10 ije 
 []


! LaTeX Error: Missing \begin{document}.

See the LaTeX manual or LaTeX Companion for explanation.
Type  H <return>  for immediate help.
 ...                                              
                                                  
l.18 ...i temeljnu funkcionalnost i rubne uvjete.}
                                                  
You're in trouble here.  Try typing  <return>  to proceed.
If that doesn't work, type  X <return>  to quit.


Overfull \hbox (27.43329pt too wide) in paragraph at lines 18--19
[]\OT1/cmr/m/it/10 U
 []


Overfull \hbox (22.99986pt too wide) in paragraph at lines 18--19
\OT1/cmr/m/it/10 ovom
 []


Overfull \hbox (37.0553pt too wide) in paragraph at lines 18--19
\OT1/cmr/m/it/10 poglavlju
 []


Overfull \hbox (7.66661pt too wide) in paragraph at lines 18--19
\OT1/cmr/m/it/10 je
 []


Overfull \hbox (36.67194pt too wide) in paragraph at lines 18--19
\OT1/cmr/m/it/10 potrebno
 []


Overfull \hbox (28.87761pt too wide) in paragraph at lines 18--19
\OT1/cmr/m/it/10 opisati
 []


Overfull \hbox (37.69415pt too wide) in paragraph at lines 18--19
\OT1/cmr/m/it/10 provedbu
 []


Overfull \hbox (18.911pt too wide) in paragraph at lines 18--19
\OT1/cmr/m/it/10 ispi-
 []


Overfull \hbox (9.96658pt too wide) in paragraph at lines 18--19
\OT1/cmr/m/it/10 ti-
 []


Overfull \hbox (23.51097pt too wide) in paragraph at lines 18--19
\OT1/cmr/m/it/10 vanja
 []


Overfull \hbox (14.82213pt too wide) in paragraph at lines 18--19
\OT1/cmr/m/it/10 im-
 []


Overfull \hbox (15.84433pt too wide) in paragraph at lines 18--19
\OT1/cmr/m/it/10 ple-
 []


Overfull \hbox (21.97763pt too wide) in paragraph at lines 18--19
\OT1/cmr/m/it/10 men-
 []


Overfull \hbox (9.96658pt too wide) in paragraph at lines 18--19
\OT1/cmr/m/it/10 ti-
 []


Overfull \hbox (22.61652pt too wide) in paragraph at lines 18--19
\OT1/cmr/m/it/10 ranih
 []


Overfull \hbox (48.2997pt too wide) in paragraph at lines 18--19
\OT1/cmr/m/it/10 funkcional-
 []


Overfull \hbox (21.21098pt too wide) in paragraph at lines 18--19
\OT1/cmr/m/it/10 nosti
 []


Overfull \hbox (10.73328pt too wide) in paragraph at lines 18--19
\OT1/cmr/m/it/10 na
 []


Overfull \hbox (24.66095pt too wide) in paragraph at lines 18--19
\OT1/cmr/m/it/10 razini
 []


Overfull \hbox (21.46652pt too wide) in paragraph at lines 18--19
\OT1/cmr/m/it/10 kom-
 []


Overfull \hbox (13.28879pt too wide) in paragraph at lines 18--19
\OT1/cmr/m/it/10 po-
 []


Overfull \hbox (22.23318pt too wide) in paragraph at lines 18--19
\OT1/cmr/m/it/10 nenti
 []


Overfull \hbox (3.06665pt too wide) in paragraph at lines 18--19
\OT1/cmr/m/it/10 i
 []


Overfull \hbox (10.73328pt too wide) in paragraph at lines 18--19
\OT1/cmr/m/it/10 na
 []


Overfull \hbox (24.66095pt too wide) in paragraph at lines 18--19
\OT1/cmr/m/it/10 razini
 []


Overfull \hbox (11.24435pt too wide) in paragraph at lines 18--19
\OT1/cmr/m/it/10 ci-
 []


Overfull \hbox (19.42207pt too wide) in paragraph at lines 18--19
\OT1/cmr/m/it/10 jelog
 []


Overfull \hbox (17.12212pt too wide) in paragraph at lines 18--19
\OT1/cmr/m/it/10 sus-
 []


Overfull \hbox (18.14432pt too wide) in paragraph at lines 18--19
\OT1/cmr/m/it/10 tava
 []


Overfull \hbox (4.08887pt too wide) in paragraph at lines 18--19
\OT1/cmr/m/it/10 s
 []


Overfull \hbox (25.68315pt too wide) in paragraph at lines 18--19
\OT1/cmr/m/it/10 prika-
 []


Overfull \hbox (17.37769pt too wide) in paragraph at lines 18--19
\OT1/cmr/m/it/10 zom
 []


Overfull \hbox (42.0386pt too wide) in paragraph at lines 18--19
\OT1/cmr/m/it/10 odabranih
 []


Overfull \hbox (22.23318pt too wide) in paragraph at lines 18--19
\OT1/cmr/m/it/10 ispit-
 []


Overfull \hbox (13.79993pt too wide) in paragraph at lines 18--19
\OT1/cmr/m/it/10 nih
 []


Overfull \hbox (42.1664pt too wide) in paragraph at lines 18--19
\OT1/cmr/m/it/10 slu^^Tcajeva.
 []


Overfull \hbox (17.88876pt too wide) in paragraph at lines 18--19
\OT1/cmr/m/it/10 Stu-
 []


Overfull \hbox (21.72208pt too wide) in paragraph at lines 18--19
\OT1/cmr/m/it/10 denti
 []


Overfull \hbox (15.2054pt too wide) in paragraph at lines 18--19
\OT1/cmr/m/it/10 tre-
 []


Overfull \hbox (17.63321pt too wide) in paragraph at lines 18--19
\OT1/cmr/m/it/10 baju
 []


Overfull \hbox (18.911pt too wide) in paragraph at lines 18--19
\OT1/cmr/m/it/10 ispi-
 []


Overfull \hbox (14.82211pt too wide) in paragraph at lines 18--19
\OT1/cmr/m/it/10 tati
 []


Overfull \hbox (37.31087pt too wide) in paragraph at lines 18--19
\OT1/cmr/m/it/10 temeljnu
 []


Overfull \hbox (48.2997pt too wide) in paragraph at lines 18--19
\OT1/cmr/m/it/10 funkcional-
 []


Overfull \hbox (18.14433pt too wide) in paragraph at lines 18--19
\OT1/cmr/m/it/10 nost
 []


Overfull \hbox (3.06665pt too wide) in paragraph at lines 18--19
\OT1/cmr/m/it/10 i
 []


Overfull \hbox (24.40538pt too wide) in paragraph at lines 18--19
\OT1/cmr/m/it/10 rubne
 []


Overfull \hbox (28.62201pt too wide) in paragraph at lines 18--19
\OT1/cmr/m/it/10 uvjete. 
 []

! Undefined control sequence.
l.21 			\subsection
                   {Ispitivanje komponenti}
The control sequence at the end of the top line
of your error message was never \def'ed. If you have
misspelled it (e.g., `\hobx'), type `I' and the correct
spelling (e.g., `I\hbox'). Otherwise just continue,
and I'll forget about whatever was undefined.


! LaTeX Error: Missing \begin{document}.

See the LaTeX manual or LaTeX Companion for explanation.
Type  H <return>  for immediate help.
 ...                                              
                                                  
l.21 			\subsection{I
                     spitivanje komponenti}
You're in trouble here.  Try typing  <return>  to proceed.
If that doesn't work, type  X <return>  to quit.

Missing character: There is no I in font nullfont!
Missing character: There is no s in font nullfont!
Missing character: There is no p in font nullfont!
Missing character: There is no i in font nullfont!
Missing character: There is no t in font nullfont!
Missing character: There is no i in font nullfont!
Missing character: There is no v in font nullfont!
Missing character: There is no a in font nullfont!
Missing character: There is no n in font nullfont!
Missing character: There is no j in font nullfont!
Missing character: There is no e in font nullfont!
Missing character: There is no k in font nullfont!
Missing character: There is no o in font nullfont!
Missing character: There is no m in font nullfont!
Missing character: There is no p in font nullfont!
Missing character: There is no o in font nullfont!
Missing character: There is no n in font nullfont!
Missing character: There is no e in font nullfont!
Missing character: There is no n in font nullfont!
Missing character: There is no t in font nullfont!
Missing character: There is no i in font nullfont!

! LaTeX Error: Command \dj unavailable in encoding OT1.

See the LaTeX manual or LaTeX Companion for explanation.
Type  H <return>  for immediate help.
 ...                                              
                                                  
l.22 ...azvojnom okruženju (prolaz/pad ispita). }
                                                  
Your command was ignored.
Type  I <command> <return>  to replace it with another command,
or  <return>  to continue without it.


Overfull \hbox (20.0pt too wide) in paragraph at lines 21--23
[]
 []


Overfull \hbox (38.85527pt too wide) in paragraph at lines 21--23
\OT1/cmr/m/it/10 Potrebno
 []


Overfull \hbox (7.66661pt too wide) in paragraph at lines 21--23
\OT1/cmr/m/it/10 je
 []


Overfull \hbox (33.6053pt too wide) in paragraph at lines 21--23
\OT1/cmr/m/it/10 provesti
 []


Overfull \hbox (18.911pt too wide) in paragraph at lines 21--23
\OT1/cmr/m/it/10 ispi-
 []


Overfull \hbox (9.96658pt too wide) in paragraph at lines 21--23
\OT1/cmr/m/it/10 ti-
 []


Overfull \hbox (22.99985pt too wide) in paragraph at lines 21--23
\OT1/cmr/m/it/10 vanje
 []


Overfull \hbox (11.24435pt too wide) in paragraph at lines 21--23
\OT1/cmr/m/it/10 je-
 []


Overfull \hbox (26.0665pt too wide) in paragraph at lines 21--23
\OT1/cmr/m/it/10 dinica
 []


Overfull \hbox (24.53317pt too wide) in paragraph at lines 21--23
\OT1/cmr/m/it/10 (engl.
 []


Overfull \hbox (17.37767pt too wide) in paragraph at lines 21--23
\OT1/cmr/m/it/10 unit
 []


Overfull \hbox (18.91095pt too wide) in paragraph at lines 21--23
\OT1/cmr/m/it/10 test-
 []


Overfull \hbox (17.37767pt too wide) in paragraph at lines 21--23
\OT1/cmr/m/it/10 ing)
 []


Overfull \hbox (15.84436pt too wide) in paragraph at lines 21--23
\OT1/cmr/m/it/10 nad
 []


Overfull \hbox (29.38863pt too wide) in paragraph at lines 21--23
\OT1/cmr/m/it/10 razred-
 []


Overfull \hbox (16.35547pt too wide) in paragraph at lines 21--23
\OT1/cmr/m/it/10 ima
 []


Overfull \hbox (15.84435pt too wide) in paragraph at lines 21--23
\OT1/cmr/m/it/10 koji
 []


Overfull \hbox (14.82213pt too wide) in paragraph at lines 21--23
\OT1/cmr/m/it/10 im-
 []


Overfull \hbox (15.84433pt too wide) in paragraph at lines 21--23
\OT1/cmr/m/it/10 ple-
 []


Overfull \hbox (21.97763pt too wide) in paragraph at lines 21--23
\OT1/cmr/m/it/10 men-
 []


Overfull \hbox (9.96658pt too wide) in paragraph at lines 21--23
\OT1/cmr/m/it/10 ti-
 []


Overfull \hbox (17.24988pt too wide) in paragraph at lines 21--23
\OT1/cmr/m/it/10 raju
 []


Overfull \hbox (36.54419pt too wide) in paragraph at lines 21--23
\OT1/cmr/m/it/10 temeljne
 []


Overfull \hbox (48.2997pt too wide) in paragraph at lines 21--23
\OT1/cmr/m/it/10 funkcional-
 []


Overfull \hbox (24.27763pt too wide) in paragraph at lines 21--23
\OT1/cmr/m/it/10 nosti.
 []


Overfull \hbox (28.37756pt too wide) in paragraph at lines 21--23
\OT1/cmr/m/it/10 Razra-
 []


Overfull \hbox (14.56657pt too wide) in paragraph at lines 21--23
\OT1/cmr/m/it/10 diti
 []


Overfull \hbox (23.64423pt too wide) in paragraph at lines 21--23
\OT1/cmr/bx/it/10 min-
 []


Overfull \hbox (7.69994pt too wide) in paragraph at lines 21--23
\OT1/cmr/bx/it/10 i-
 []


Overfull \hbox (30.733pt too wide) in paragraph at lines 21--23
\OT1/cmr/bx/it/10 malno
 []


Overfull \hbox (5.91104pt too wide) in paragraph at lines 21--23
\OT1/cmr/bx/it/10 6
 []


Overfull \hbox (25.88586pt too wide) in paragraph at lines 21--23
\OT1/cmr/bx/it/10 ispit-
 []


Overfull \hbox (15.9665pt too wide) in paragraph at lines 21--23
\OT1/cmr/bx/it/10 nih
 []


Overfull \hbox (45.3856pt too wide) in paragraph at lines 21--23
\OT1/cmr/bx/it/10 slu^^Tcajeva
 []


Overfull \hbox (5.36664pt too wide) in paragraph at lines 21--23
\OT1/cmr/m/it/10 u
 []


Overfull \hbox (13.28879pt too wide) in paragraph at lines 21--23
\OT1/cmr/m/it/10 ko-
 []


Overfull \hbox (19.42212pt too wide) in paragraph at lines 21--23
\OT1/cmr/m/it/10 jima
 []


Overfull \hbox (9.19992pt too wide) in paragraph at lines 21--23
\OT1/cmr/m/it/10 ^^Sce
 []


Overfull \hbox (8.68883pt too wide) in paragraph at lines 21--23
\OT1/cmr/m/it/10 se
 []


Overfull \hbox (18.911pt too wide) in paragraph at lines 21--23
\OT1/cmr/m/it/10 ispi-
 []


Overfull \hbox (14.82211pt too wide) in paragraph at lines 21--23
\OT1/cmr/m/it/10 tati
 []


Overfull \hbox (11.88321pt too wide) in paragraph at lines 21--23
\OT1/cmr/m/it/10 re-
 []


Overfull \hbox (23.51097pt too wide) in paragraph at lines 21--23
\OT1/cmr/m/it/10 dovni
 []


Overfull \hbox (40.12196pt too wide) in paragraph at lines 21--23
\OT1/cmr/m/it/10 slu^^Tcajevi,
 []


Overfull \hbox (22.87207pt too wide) in paragraph at lines 21--23
\OT1/cmr/m/it/10 rubni
 []


Overfull \hbox (24.02205pt too wide) in paragraph at lines 21--23
\OT1/cmr/m/it/10 uvjeti
 []


Overfull \hbox (7.92215pt too wide) in paragraph at lines 21--23
\OT1/cmr/m/it/10 te
 []


Overfull \hbox (22.99986pt too wide) in paragraph at lines 21--23
\OT1/cmr/m/it/10 izazi-
 []


Overfull \hbox (22.99985pt too wide) in paragraph at lines 21--23
\OT1/cmr/m/it/10 vanje
 []


Overfull \hbox (35.39413pt too wide) in paragraph at lines 21--23
\OT1/cmr/m/it/10 pogre^^Tske
 []


Overfull \hbox (24.53317pt too wide) in paragraph at lines 21--23
\OT1/cmr/m/it/10 (engl.
 []


Overfull \hbox (12.81657pt too wide) in paragraph at lines 21--23
\OT1/cmr/m/it/10 ex-
 []


Overfull \hbox (17.37762pt too wide) in paragraph at lines 21--23
\OT1/cmr/m/it/10 cep-
 []


Overfull \hbox (17.12212pt too wide) in paragraph at lines 21--23
\OT1/cmr/m/it/10 tion
 []


Overfull \hbox (27.47202pt too wide) in paragraph at lines 21--23
\OT1/cmr/m/it/10 throw-
 []


Overfull \hbox (20.44432pt too wide) in paragraph at lines 21--23
\OT1/cmr/m/it/10 ing).
 []


Overfull \hbox (36.93867pt too wide) in paragraph at lines 21--23
\OT1/cmr/m/it/10 Po^^Tzeljno
 []


Overfull \hbox (7.66661pt too wide) in paragraph at lines 21--23
\OT1/cmr/m/it/10 je
 []


Overfull \hbox (30.79422pt too wide) in paragraph at lines 21--23
\OT1/cmr/m/it/10 stvoriti
 []


Overfull \hbox (3.06665pt too wide) in paragraph at lines 21--23
\OT1/cmr/m/it/10 i
 []


Overfull \hbox (27.34428pt too wide) in paragraph at lines 21--23
\OT1/cmr/m/it/10 ispitni
 []


Overfull \hbox (24.78874pt too wide) in paragraph at lines 21--23
\OT1/cmr/m/it/10 slu^^Tcaj
 []


Overfull \hbox (15.84435pt too wide) in paragraph at lines 21--23
\OT1/cmr/m/it/10 koji
 []


Overfull \hbox (13.28879pt too wide) in paragraph at lines 21--23
\OT1/cmr/m/it/10 ko-
 []


Overfull \hbox (17.76099pt too wide) in paragraph at lines 21--23
\OT1/cmr/m/it/10 risti
 []


Overfull \hbox (48.2997pt too wide) in paragraph at lines 21--23
\OT1/cmr/m/it/10 funkcional-
 []


Overfull \hbox (21.21098pt too wide) in paragraph at lines 21--23
\OT1/cmr/m/it/10 nosti
 []


Overfull \hbox (17.37766pt too wide) in paragraph at lines 21--23
\OT1/cmr/m/it/10 koje
 []


Overfull \hbox (18.14435pt too wide) in paragraph at lines 21--23
\OT1/cmr/m/it/10 nisu
 []


Overfull \hbox (14.82213pt too wide) in paragraph at lines 21--23
\OT1/cmr/m/it/10 im-
 []


Overfull \hbox (15.84433pt too wide) in paragraph at lines 21--23
\OT1/cmr/m/it/10 ple-
 []


Overfull \hbox (21.97763pt too wide) in paragraph at lines 21--23
\OT1/cmr/m/it/10 men-
 []


Overfull \hbox (9.96658pt too wide) in paragraph at lines 21--23
\OT1/cmr/m/it/10 ti-
 []


Overfull \hbox (22.1054pt too wide) in paragraph at lines 21--23
\OT1/cmr/m/it/10 rane.
 []


Overfull \hbox (38.85527pt too wide) in paragraph at lines 21--23
\OT1/cmr/m/it/10 Potrebno
 []


Overfull \hbox (7.66661pt too wide) in paragraph at lines 21--23
\OT1/cmr/m/it/10 je
 []


Overfull \hbox (33.60535pt too wide) in paragraph at lines 21--23
\OT1/cmr/m/it/10 prilo^^Tziti
 []


Overfull \hbox (29.77203pt too wide) in paragraph at lines 21--23
\OT1/cmr/m/it/10 izvorni
 []


Overfull \hbox (14.82213pt too wide) in paragraph at lines 21--23
\OT1/cmr/m/it/10 k^od
 []


Overfull \hbox (16.86656pt too wide) in paragraph at lines 21--23
\OT1/cmr/m/it/10 svih
 []


Overfull \hbox (22.23318pt too wide) in paragraph at lines 21--23
\OT1/cmr/m/it/10 ispit-
 []


Overfull \hbox (13.79993pt too wide) in paragraph at lines 21--23
\OT1/cmr/m/it/10 nih
 []


Overfull \hbox (39.09975pt too wide) in paragraph at lines 21--23
\OT1/cmr/m/it/10 slu^^Tcajeva
 []


Overfull \hbox (7.92215pt too wide) in paragraph at lines 21--23
\OT1/cmr/m/it/10 te
 []


Overfull \hbox (26.19427pt too wide) in paragraph at lines 21--23
\OT1/cmr/m/it/10 prikaz
 []


Overfull \hbox (23.89426pt too wide) in paragraph at lines 21--23
\OT1/cmr/m/it/10 rezul-
 []


Overfull \hbox (16.86655pt too wide) in paragraph at lines 21--23
\OT1/cmr/m/it/10 tata
 []


Overfull \hbox (35.26645pt too wide) in paragraph at lines 21--23
\OT1/cmr/m/it/10 izvoenja
 []


Overfull \hbox (23.76653pt too wide) in paragraph at lines 21--23
\OT1/cmr/m/it/10 ispita
 []


Overfull \hbox (5.36664pt too wide) in paragraph at lines 21--23
\OT1/cmr/m/it/10 u
 []


Overfull \hbox (26.19424pt too wide) in paragraph at lines 21--23
\OT1/cmr/m/it/10 razvo-
 []


Overfull \hbox (21.97766pt too wide) in paragraph at lines 21--23
\OT1/cmr/m/it/10 jnom
 []


Overfull \hbox (42.03862pt too wide) in paragraph at lines 21--23
\OT1/cmr/m/it/10 okru^^Tzenju
 []


Overfull \hbox (21.59428pt too wide) in paragraph at lines 21--23
\OT1/cmr/m/it/10 (pro-
 []


Overfull \hbox (31.6887pt too wide) in paragraph at lines 21--23
\OT1/cmr/m/it/10 laz/pad
 []


Overfull \hbox (30.92204pt too wide) in paragraph at lines 21--23
\OT1/cmr/m/it/10 ispita).
 []

! Undefined control sequence.
l.26 			\subsection
                   {Ispitivanje sustava}
The control sequence at the end of the top line
of your error message was never \def'ed. If you have
misspelled it (e.g., `\hobx'), type `I' and the correct
spelling (e.g., `I\hbox'). Otherwise just continue,
and I'll forget about whatever was undefined.


! LaTeX Error: Missing \begin{document}.

See the LaTeX manual or LaTeX Companion for explanation.
Type  H <return>  for immediate help.
 ...                                              
                                                  
l.26 			\subsection{I
                     spitivanje sustava}
You're in trouble here.  Try typing  <return>  to proceed.
If that doesn't work, type  X <return>  to quit.

Missing character: There is no I in font nullfont!
Missing character: There is no s in font nullfont!
Missing character: There is no p in font nullfont!
Missing character: There is no i in font nullfont!
Missing character: There is no t in font nullfont!
Missing character: There is no i in font nullfont!
Missing character: There is no v in font nullfont!
Missing character: There is no a in font nullfont!
Missing character: There is no n in font nullfont!
Missing character: There is no j in font nullfont!
Missing character: There is no e in font nullfont!
Missing character: There is no s in font nullfont!
Missing character: There is no u in font nullfont!
Missing character: There is no s in font nullfont!
Missing character: There is no t in font nullfont!
Missing character: There is no a in font nullfont!
Missing character: There is no v in font nullfont!
Missing character: There is no a in font nullfont!

Overfull \hbox (20.0pt too wide) in paragraph at lines 26--27
[]
 []


! LaTeX Error: Missing \begin{document}.

See the LaTeX manual or LaTeX Companion for explanation.
Type  H <return>  for immediate help.
 ...                                              
                                                  
l.28 ...anja i dobivenog izlaza ili rezultata.\\ }
                                                  
You're in trouble here.  Try typing  <return>  to proceed.
If that doesn't work, type  X <return>  to quit.

LaTeX Font Info:    External font `cmex10' loaded for size
(Font)              <7> on input line 28.
LaTeX Font Info:    External font `cmex10' loaded for size
(Font)              <5> on input line 28.
! Undefined control sequence.
\@footnotetext ...tins {\reset@font \footnotesize 
                                                  \interlinepenalty \interfo...
l.28 ...anja i dobivenog izlaza ili rezultata.\\ }
                                                  
The control sequence at the end of the top line
of your error message was never \def'ed. If you have
misspelled it (e.g., `\hobx'), type `I' and the correct
spelling (e.g., `I\hbox'). Otherwise just continue,
and I'll forget about whatever was undefined.

! Undefined control sequence.
\@footnotetext ...}\color@begingroup \@makefntext 
                                                  {\rule \z@ \footnotesep \i...
l.28 ...anja i dobivenog izlaza ili rezultata.\\ }
                                                  
The control sequence at the end of the top line
of your error message was never \def'ed. If you have
misspelled it (e.g., `\hobx'), type `I' and the correct
spelling (e.g., `I\hbox'). Otherwise just continue,
and I'll forget about whatever was undefined.

! Undefined control sequence.
<argument> \url 
                {https://www.seleniumhq.org/}
l.28 ...anja i dobivenog izlaza ili rezultata.\\ }
                                                  
The control sequence at the end of the top line
of your error message was never \def'ed. If you have
misspelled it (e.g., `\hobx'), type `I' and the correct
spelling (e.g., `I\hbox'). Otherwise just continue,
and I'll forget about whatever was undefined.


Overfull \hbox (130.13916pt too wide) in paragraph at lines 28--28
[][]\/cmr/m/n/10 https://www.seleniumhq.org/| 
 []


Overfull \hbox (58.85527pt too wide) in paragraph at lines 28--29
[]\OT1/cmr/m/it/10 Potrebno
 []


Overfull \hbox (7.66661pt too wide) in paragraph at lines 28--29
\OT1/cmr/m/it/10 je
 []


Overfull \hbox (33.6053pt too wide) in paragraph at lines 28--29
\OT1/cmr/m/it/10 provesti
 []


Overfull \hbox (3.06665pt too wide) in paragraph at lines 28--29
\OT1/cmr/m/it/10 i
 []


Overfull \hbox (28.87761pt too wide) in paragraph at lines 28--29
\OT1/cmr/m/it/10 opisati
 []


Overfull \hbox (18.911pt too wide) in paragraph at lines 28--29
\OT1/cmr/m/it/10 ispi-
 []


Overfull \hbox (9.96658pt too wide) in paragraph at lines 28--29
\OT1/cmr/m/it/10 ti-
 []


Overfull \hbox (22.99985pt too wide) in paragraph at lines 28--29
\OT1/cmr/m/it/10 vanje
 []


Overfull \hbox (17.12212pt too wide) in paragraph at lines 28--29
\OT1/cmr/m/it/10 sus-
 []


Overfull \hbox (18.14432pt too wide) in paragraph at lines 28--29
\OT1/cmr/m/it/10 tava
 []


Overfull \hbox (13.28879pt too wide) in paragraph at lines 28--29
\OT1/cmr/m/it/10 ko-
 []


Overfull \hbox (26.9609pt too wide) in paragraph at lines 28--29
\OT1/cmr/m/it/10 riste^^Sci
 []


Overfull \hbox (22.61652pt too wide) in paragraph at lines 28--29
\OT1/cmr/m/it/10 radni
 []


Overfull \hbox (21.59428pt too wide) in paragraph at lines 28--29
\OT1/cmr/m/it/10 okvir
 []


Overfull \hbox (13.7999pt too wide) in paragraph at lines 28--29
\OT1/cmr/m/it/10 Se-
 []


Overfull \hbox (10.73325pt too wide) in paragraph at lines 28--29
\OT1/cmr/m/it/10 le-
 []


Overfull \hbox (29.786pt too wide) in paragraph at lines 28--29
\OT1/cmr/m/it/10 nium[].
 []


Overfull \hbox (28.37756pt too wide) in paragraph at lines 28--29
\OT1/cmr/m/it/10 Razra-
 []


Overfull \hbox (14.56657pt too wide) in paragraph at lines 28--29
\OT1/cmr/m/it/10 diti
 []


Overfull \hbox (23.64423pt too wide) in paragraph at lines 28--29
\OT1/cmr/bx/it/10 min-
 []


Overfull \hbox (7.69994pt too wide) in paragraph at lines 28--29
\OT1/cmr/bx/it/10 i-
 []


Overfull \hbox (30.733pt too wide) in paragraph at lines 28--29
\OT1/cmr/bx/it/10 malno
 []


Overfull \hbox (5.91104pt too wide) in paragraph at lines 28--29
\OT1/cmr/bx/it/10 4
 []


Overfull \hbox (34.15244pt too wide) in paragraph at lines 28--29
\OT1/cmr/bx/it/10 ispitna
 []


Overfull \hbox (34.74129pt too wide) in paragraph at lines 28--29
\OT1/cmr/bx/it/10 slu^^Tcaja
 []


Overfull \hbox (5.36664pt too wide) in paragraph at lines 28--29
\OT1/cmr/m/it/10 u
 []


Overfull \hbox (13.28879pt too wide) in paragraph at lines 28--29
\OT1/cmr/m/it/10 ko-
 []


Overfull \hbox (19.42212pt too wide) in paragraph at lines 28--29
\OT1/cmr/m/it/10 jima
 []


Overfull \hbox (9.19992pt too wide) in paragraph at lines 28--29
\OT1/cmr/m/it/10 ^^Sce
 []


Overfull \hbox (8.68883pt too wide) in paragraph at lines 28--29
\OT1/cmr/m/it/10 se
 []


Overfull \hbox (18.911pt too wide) in paragraph at lines 28--29
\OT1/cmr/m/it/10 ispi-
 []


Overfull \hbox (14.82211pt too wide) in paragraph at lines 28--29
\OT1/cmr/m/it/10 tati
 []


Overfull \hbox (11.88321pt too wide) in paragraph at lines 28--29
\OT1/cmr/m/it/10 re-
 []


Overfull \hbox (23.51097pt too wide) in paragraph at lines 28--29
\OT1/cmr/m/it/10 dovni
 []


Overfull \hbox (40.12196pt too wide) in paragraph at lines 28--29
\OT1/cmr/m/it/10 slu^^Tcajevi,
 []


Overfull \hbox (22.87207pt too wide) in paragraph at lines 28--29
\OT1/cmr/m/it/10 rubni
 []


Overfull \hbox (24.02205pt too wide) in paragraph at lines 28--29
\OT1/cmr/m/it/10 uvjeti
 []


Overfull \hbox (7.92215pt too wide) in paragraph at lines 28--29
\OT1/cmr/m/it/10 te
 []


Overfull \hbox (21.46652pt too wide) in paragraph at lines 28--29
\OT1/cmr/m/it/10 poziv
 []


Overfull \hbox (48.2997pt too wide) in paragraph at lines 28--29
\OT1/cmr/m/it/10 funkcional-
 []


Overfull \hbox (21.21098pt too wide) in paragraph at lines 28--29
\OT1/cmr/m/it/10 nosti
 []


Overfull \hbox (17.88878pt too wide) in paragraph at lines 28--29
\OT1/cmr/m/it/10 koja
 []


Overfull \hbox (16.35545pt too wide) in paragraph at lines 28--29
\OT1/cmr/m/it/10 nije
 []


Overfull \hbox (14.82213pt too wide) in paragraph at lines 28--29
\OT1/cmr/m/it/10 im-
 []


Overfull \hbox (15.84433pt too wide) in paragraph at lines 28--29
\OT1/cmr/m/it/10 ple-
 []


Overfull \hbox (21.97763pt too wide) in paragraph at lines 28--29
\OT1/cmr/m/it/10 men-
 []


Overfull \hbox (9.96658pt too wide) in paragraph at lines 28--29
\OT1/cmr/m/it/10 ti-
 []


Overfull \hbox (53.79411pt too wide) in paragraph at lines 28--29
\OT1/cmr/m/it/10 rana/izaziva
 []


Overfull \hbox (36.16081pt too wide) in paragraph at lines 28--29
\OT1/cmr/m/it/10 pogre^^Tsku
 []


Overfull \hbox (19.42209pt too wide) in paragraph at lines 28--29
\OT1/cmr/m/it/10 kako
 []


Overfull \hbox (7.66661pt too wide) in paragraph at lines 28--29
\OT1/cmr/m/it/10 bi
 []


Overfull \hbox (8.68883pt too wide) in paragraph at lines 28--29
\OT1/cmr/m/it/10 se
 []


Overfull \hbox (16.35544pt too wide) in paragraph at lines 28--29
\OT1/cmr/m/it/10 vid-
 []


Overfull \hbox (15.33324pt too wide) in paragraph at lines 28--29
\OT1/cmr/m/it/10 jelo
 []


Overfull \hbox (10.73328pt too wide) in paragraph at lines 28--29
\OT1/cmr/m/it/10 na
 []


Overfull \hbox (15.84435pt too wide) in paragraph at lines 28--29
\OT1/cmr/m/it/10 koji
 []


Overfull \hbox (24.02208pt too wide) in paragraph at lines 28--29
\OT1/cmr/m/it/10 na^^Tcin
 []


Overfull \hbox (17.12212pt too wide) in paragraph at lines 28--29
\OT1/cmr/m/it/10 sus-
 []


Overfull \hbox (13.03323pt too wide) in paragraph at lines 28--29
\OT1/cmr/m/it/10 tav
 []


Overfull \hbox (16.48317pt too wide) in paragraph at lines 28--29
\OT1/cmr/m/it/10 rea-
 []


Overfull \hbox (16.4832pt too wide) in paragraph at lines 28--29
\OT1/cmr/m/it/10 gira
 []


Overfull \hbox (19.93321pt too wide) in paragraph at lines 28--29
\OT1/cmr/m/it/10 kada
 []


Overfull \hbox (22.7443pt too wide) in paragraph at lines 28--29
\OT1/cmr/m/it/10 ne^^Tsto
 []


Overfull \hbox (16.35545pt too wide) in paragraph at lines 28--29
\OT1/cmr/m/it/10 nije
 []


Overfull \hbox (5.36664pt too wide) in paragraph at lines 28--29
\OT1/cmr/m/it/10 u
 []


Overfull \hbox (16.61098pt too wide) in paragraph at lines 28--29
\OT1/cmr/m/it/10 pot-
 []


Overfull \hbox (31.6887pt too wide) in paragraph at lines 28--29
\OT1/cmr/m/it/10 punosti
 []


Overfull \hbox (16.09988pt too wide) in paragraph at lines 28--29
\OT1/cmr/m/it/10 ost-
 []


Overfull \hbox (31.81644pt too wide) in paragraph at lines 28--29
\OT1/cmr/m/it/10 vareno.
 []


Overfull \hbox (28.13316pt too wide) in paragraph at lines 28--29
\OT1/cmr/m/it/10 Ispitni
 []


Overfull \hbox (24.78874pt too wide) in paragraph at lines 28--29
\OT1/cmr/m/it/10 slu^^Tcaj
 []


Overfull \hbox (8.68883pt too wide) in paragraph at lines 28--29
\OT1/cmr/m/it/10 se
 []


Overfull \hbox (20.82758pt too wide) in paragraph at lines 28--29
\OT1/cmr/m/it/10 treba
 []


Overfull \hbox (16.86656pt too wide) in paragraph at lines 28--29
\OT1/cmr/m/it/10 sas-
 []


Overfull \hbox (12.01102pt too wide) in paragraph at lines 28--29
\OT1/cmr/m/it/10 to-
 []


Overfull \hbox (14.56657pt too wide) in paragraph at lines 28--29
\OT1/cmr/m/it/10 jati
 []


Overfull \hbox (9.71104pt too wide) in paragraph at lines 28--29
\OT1/cmr/m/it/10 od
 []


Overfull \hbox (22.23322pt too wide) in paragraph at lines 28--29
\OT1/cmr/m/it/10 ulaza
 []


Overfull \hbox (22.10542pt too wide) in paragraph at lines 28--29
\OT1/cmr/m/it/10 (npr.
 []


Overfull \hbox (13.28879pt too wide) in paragraph at lines 28--29
\OT1/cmr/m/it/10 ko-
 []


Overfull \hbox (34.372pt too wide) in paragraph at lines 28--29
\OT1/cmr/m/it/10 risni^^Tcko
 []


Overfull \hbox (15.84435pt too wide) in paragraph at lines 28--29
\OT1/cmr/m/it/10 ime
 []


Overfull \hbox (3.06665pt too wide) in paragraph at lines 28--29
\OT1/cmr/m/it/10 i
 []


Overfull \hbox (37.3109pt too wide) in paragraph at lines 28--29
\OT1/cmr/m/it/10 lozinka),
 []


Overfull \hbox (46.51077pt too wide) in paragraph at lines 28--29
\OT1/cmr/m/it/10 o^^Tcekivanog
 []


Overfull \hbox (24.0221pt too wide) in paragraph at lines 28--29
\OT1/cmr/m/it/10 izlaza
 []


Overfull \hbox (8.68884pt too wide) in paragraph at lines 28--29
\OT1/cmr/m/it/10 ili
 []


Overfull \hbox (23.89426pt too wide) in paragraph at lines 28--29
\OT1/cmr/m/it/10 rezul-
 []


Overfull \hbox (19.9332pt too wide) in paragraph at lines 28--29
\OT1/cmr/m/it/10 tata,
 []


Overfull \hbox (13.28879pt too wide) in paragraph at lines 28--29
\OT1/cmr/m/it/10 ko-
 []


Overfull \hbox (18.52763pt too wide) in paragraph at lines 28--29
\OT1/cmr/m/it/10 raka
 []


Overfull \hbox (18.911pt too wide) in paragraph at lines 28--29
\OT1/cmr/m/it/10 ispi-
 []


Overfull \hbox (9.96658pt too wide) in paragraph at lines 28--29
\OT1/cmr/m/it/10 ti-
 []


Overfull \hbox (23.51097pt too wide) in paragraph at lines 28--29
\OT1/cmr/m/it/10 vanja
 []


Overfull \hbox (3.06665pt too wide) in paragraph at lines 28--29
\OT1/cmr/m/it/10 i
 []


Overfull \hbox (13.79991pt too wide) in paragraph at lines 28--29
\OT1/cmr/m/it/10 do-
 []


Overfull \hbox (31.68864pt too wide) in paragraph at lines 28--29
\OT1/cmr/m/it/10 bivenog
 []


Overfull \hbox (24.0221pt too wide) in paragraph at lines 28--29
\OT1/cmr/m/it/10 izlaza
 []


Overfull \hbox (8.68884pt too wide) in paragraph at lines 28--29
\OT1/cmr/m/it/10 ili
 []


Overfull \hbox (23.89426pt too wide) in paragraph at lines 28--29
\OT1/cmr/m/it/10 rezul-
 []


Overfull \hbox (19.9332pt too wide) in paragraph at lines 28--29
\OT1/cmr/m/it/10 tata. 
 []


! LaTeX Error: Missing \begin{document}.

See the LaTeX manual or LaTeX Companion for explanation.
Type  H <return>  for immediate help.
 ...                                              
                                                  
l.30 ...ti pomoću jednog od sljedeća dva alata:}
                                                  
You're in trouble here.  Try typing  <return>  to proceed.
If that doesn't work, type  X <return>  to quit.


Overfull \hbox (47.23871pt too wide) in paragraph at lines 30--31
[]\OT1/cmr/m/it/10 Izradu
 []


Overfull \hbox (22.23318pt too wide) in paragraph at lines 30--31
\OT1/cmr/m/it/10 ispit-
 []


Overfull \hbox (13.79993pt too wide) in paragraph at lines 30--31
\OT1/cmr/m/it/10 nih
 []


Overfull \hbox (39.09975pt too wide) in paragraph at lines 30--31
\OT1/cmr/m/it/10 slu^^Tcajeva
 []


Overfull \hbox (32.96646pt too wide) in paragraph at lines 30--31
\OT1/cmr/m/it/10 pomo^^Scu
 []


Overfull \hbox (28.74979pt too wide) in paragraph at lines 30--31
\OT1/cmr/m/it/10 radnog
 []


Overfull \hbox (26.19424pt too wide) in paragraph at lines 30--31
\OT1/cmr/m/it/10 okvira
 []


Overfull \hbox (13.7999pt too wide) in paragraph at lines 30--31
\OT1/cmr/m/it/10 Se-
 []


Overfull \hbox (10.73325pt too wide) in paragraph at lines 30--31
\OT1/cmr/m/it/10 le-
 []


Overfull \hbox (22.23322pt too wide) in paragraph at lines 30--31
\OT1/cmr/m/it/10 nium
 []


Overfull \hbox (31.94421pt too wide) in paragraph at lines 30--31
\OT1/cmr/m/it/10 mogu^^Sce
 []


Overfull \hbox (7.66661pt too wide) in paragraph at lines 30--31
\OT1/cmr/m/it/10 je
 []


Overfull \hbox (33.6053pt too wide) in paragraph at lines 30--31
\OT1/cmr/m/it/10 provesti
 []


Overfull \hbox (32.96646pt too wide) in paragraph at lines 30--31
\OT1/cmr/m/it/10 pomo^^Scu
 []


Overfull \hbox (27.08868pt too wide) in paragraph at lines 30--31
\OT1/cmr/m/it/10 jednog
 []


Overfull \hbox (9.71104pt too wide) in paragraph at lines 30--31
\OT1/cmr/m/it/10 od
 []


Overfull \hbox (33.22198pt too wide) in paragraph at lines 30--31
\OT1/cmr/m/it/10 sljede^^Sca
 []


Overfull \hbox (14.82213pt too wide) in paragraph at lines 30--31
\OT1/cmr/m/it/10 dva
 []


Overfull \hbox (24.85957pt too wide) in paragraph at lines 30--31
\OT1/cmr/m/it/10 alata: 
 []


Overfull \hbox (32.96645pt too wide) in paragraph at lines 32--33
\OT1/cmr/m/it/10 dodatak
 []


Overfull \hbox (9.19995pt too wide) in paragraph at lines 32--33
\OT1/cmr/m/it/10 za
 []


Overfull \hbox (16.9943pt too wide) in paragraph at lines 32--33
\OT1/cmr/m/it/10 pre-
 []


Overfull \hbox (19.93317pt too wide) in paragraph at lines 32--33
\OT1/cmr/m/it/10 gled-
 []


Overfull \hbox (13.2888pt too wide) in paragraph at lines 32--33
\OT1/cmr/m/it/10 nik
 []


Overfull \hbox (15.9665pt too wide) in paragraph at lines 32--33
\OT1/cmr/bx/it/10 Se-
 []


Overfull \hbox (12.4332pt too wide) in paragraph at lines 32--33
\OT1/cmr/bx/it/10 le-
 []


Overfull \hbox (25.7053pt too wide) in paragraph at lines 32--33
\OT1/cmr/bx/it/10 nium
 []


Overfull \hbox (21.03868pt too wide) in paragraph at lines 32--33
\OT1/cmr/bx/it/10 IDE
 []


Overfull \hbox (3.57774pt too wide) in paragraph at lines 32--33
\OT1/cmr/m/it/10 -
 []


Overfull \hbox (16.35545pt too wide) in paragraph at lines 32--33
\OT1/cmr/m/it/10 sni-
 []


Overfull \hbox (26.57762pt too wide) in paragraph at lines 32--33
\OT1/cmr/m/it/10 manje
 []


Overfull \hbox (13.28879pt too wide) in paragraph at lines 32--33
\OT1/cmr/m/it/10 ko-
 []


Overfull \hbox (14.94989pt too wide) in paragraph at lines 32--33
\OT1/cmr/m/it/10 ris-
 []


Overfull \hbox (31.17758pt too wide) in paragraph at lines 32--33
\OT1/cmr/m/it/10 nikovih
 []


Overfull \hbox (13.28879pt too wide) in paragraph at lines 32--33
\OT1/cmr/m/it/10 ak-
 []


Overfull \hbox (15.84435pt too wide) in paragraph at lines 32--33
\OT1/cmr/m/it/10 cija
 []


Overfull \hbox (16.99432pt too wide) in paragraph at lines 32--33
\OT1/cmr/m/it/10 radi
 []


Overfull \hbox (14.05547pt too wide) in paragraph at lines 32--33
\OT1/cmr/m/it/10 au-
 []


Overfull \hbox (42.93303pt too wide) in paragraph at lines 32--33
\OT1/cmr/m/it/10 tomatskog
 []


Overfull \hbox (18.91098pt too wide) in paragraph at lines 32--33
\OT1/cmr/m/it/10 pon-
 []


Overfull \hbox (15.84433pt too wide) in paragraph at lines 32--33
\OT1/cmr/m/it/10 avl-
 []


Overfull \hbox (21.97766pt too wide) in paragraph at lines 32--33
\OT1/cmr/m/it/10 janja
 []


Overfull \hbox (24.53366pt too wide) in paragraph at lines 32--33
\OT1/cmr/m/it/10 ispita 
 []


Overfull \hbox (45.8162pt too wide) in paragraph at lines 33--34
\OT1/cmr/bx/it/10 Selenium
 []


Overfull \hbox (26.38861pt too wide) in paragraph at lines 33--34
\OT1/cmr/bx/it/10 Web-
 []


Overfull \hbox (32.9886pt too wide) in paragraph at lines 33--34
\OT1/cmr/bx/it/10 Driver
 []


Overfull \hbox (3.57774pt too wide) in paragraph at lines 33--34
\OT1/cmr/m/it/10 -
 []


Overfull \hbox (32.32755pt too wide) in paragraph at lines 33--34
\OT1/cmr/m/it/10 podr^^Tska
 []


Overfull \hbox (9.19995pt too wide) in paragraph at lines 33--34
\OT1/cmr/m/it/10 za
 []


Overfull \hbox (30.66649pt too wide) in paragraph at lines 33--34
\OT1/cmr/m/it/10 pisanje
 []


Overfull \hbox (23.76653pt too wide) in paragraph at lines 33--34
\OT1/cmr/m/it/10 ispita
 []


Overfull \hbox (5.36664pt too wide) in paragraph at lines 33--34
\OT1/cmr/m/it/10 u
 []


Overfull \hbox (35.77756pt too wide) in paragraph at lines 33--34
\OT1/cmr/m/it/10 jezicima
 []


Overfull \hbox (23.13873pt too wide) in paragraph at lines 33--34
\OT1/cmr/m/it/10 Java,
 []


Overfull \hbox (18.39989pt too wide) in paragraph at lines 33--34
\OT1/cmr/m/it/10 C#,
 []


Overfull \hbox (20.99988pt too wide) in paragraph at lines 33--34
\OT1/cmr/m/it/10 PHP
 []


Overfull \hbox (13.28879pt too wide) in paragraph at lines 33--34
\OT1/cmr/m/it/10 ko-
 []


Overfull \hbox (26.9609pt too wide) in paragraph at lines 33--34
\OT1/cmr/m/it/10 riste^^Sci
 []


Overfull \hbox (33.73311pt too wide) in paragraph at lines 33--34
\OT1/cmr/m/it/10 posebno
 []


Overfull \hbox (17.50542pt too wide) in paragraph at lines 33--34
\OT1/cmr/m/it/10 pro-
 []


Overfull \hbox (25.17203pt too wide) in paragraph at lines 33--34
\OT1/cmr/m/it/10 gram-
 []


Overfull \hbox (13.79991pt too wide) in paragraph at lines 33--34
\OT1/cmr/m/it/10 sko
 []


Overfull \hbox (31.94423pt too wide) in paragraph at lines 33--34
\OT1/cmr/m/it/10 su^^Tcelje. 
 []


Overfull \hbox (29.27202pt too wide) in paragraph at lines 35--36
\OT1/cmr/m/it/10 Detalji
 []


Overfull \hbox (5.11108pt too wide) in paragraph at lines 35--36
\OT1/cmr/m/it/10 o
 []


Overfull \hbox (43.06082pt too wide) in paragraph at lines 35--36
\OT1/cmr/m/it/10 kori^^Tstenju
 []


Overfull \hbox (21.21098pt too wide) in paragraph at lines 35--36
\OT1/cmr/m/it/10 alata
 []


Overfull \hbox (13.7999pt too wide) in paragraph at lines 35--36
\OT1/cmr/m/it/10 Se-
 []


Overfull \hbox (10.73325pt too wide) in paragraph at lines 35--36
\OT1/cmr/m/it/10 le-
 []


Overfull \hbox (22.23322pt too wide) in paragraph at lines 35--36
\OT1/cmr/m/it/10 nium
 []


Overfull \hbox (10.9888pt too wide) in paragraph at lines 35--36
\OT1/cmr/m/it/10 bit
 []


Overfull \hbox (9.19992pt too wide) in paragraph at lines 35--36
\OT1/cmr/m/it/10 ^^Sce
 []


Overfull \hbox (39.9942pt too wide) in paragraph at lines 35--36
\OT1/cmr/m/it/10 prikazani
 []


Overfull \hbox (10.73328pt too wide) in paragraph at lines 35--36
\OT1/cmr/m/it/10 na
 []


Overfull \hbox (26.57758pt too wide) in paragraph at lines 35--36
\OT1/cmr/m/it/10 poseb-
 []


Overfull \hbox (18.91101pt too wide) in paragraph at lines 35--36
\OT1/cmr/m/it/10 nom
 []


Overfull \hbox (16.9943pt too wide) in paragraph at lines 35--36
\OT1/cmr/m/it/10 pre-
 []


Overfull \hbox (13.79991pt too wide) in paragraph at lines 35--36
\OT1/cmr/m/it/10 da-
 []


Overfull \hbox (23.76653pt too wide) in paragraph at lines 35--36
\OT1/cmr/m/it/10 vanju
 []


Overfull \hbox (9.96658pt too wide) in paragraph at lines 35--36
\OT1/cmr/m/it/10 ti-
 []


Overfull \hbox (25.55539pt too wide) in paragraph at lines 35--36
\OT1/cmr/m/it/10 jekom
 []


Overfull \hbox (29.13313pt too wide) in paragraph at lines 35--36
\OT1/cmr/m/it/10 semes-
 []


Overfull \hbox (15.20543pt too wide) in paragraph at lines 35--36
\OT1/cmr/m/it/10 tra. 
 []


Underfull \vbox (badness 10000) has occurred while \output is active []



! LaTeX Error: The font size command \normalsize is not defined:
               there is probably something wrong with the class file.

See the LaTeX manual or LaTeX Companion for explanation.
Type  H <return>  for immediate help.
 ...                                              
                                                  
l.37 			\eject
              
Your command was ignored.
Type  I <command> <return>  to replace it with another command,
or  <return>  to continue without it.

[2]
! Undefined control sequence.
l.40 		\section
               {Dijagram razmještaja}
The control sequence at the end of the top line
of your error message was never \def'ed. If you have
misspelled it (e.g., `\hobx'), type `I' and the correct
spelling (e.g., `I\hbox'). Otherwise just continue,
and I'll forget about whatever was undefined.

Missing character: There is no D in font nullfont!
Missing character: There is no i in font nullfont!
Missing character: There is no j in font nullfont!
Missing character: There is no a in font nullfont!
Missing character: There is no g in font nullfont!
Missing character: There is no r in font nullfont!
Missing character: There is no a in font nullfont!
Missing character: There is no m in font nullfont!
Missing character: There is no r in font nullfont!
Missing character: There is no a in font nullfont!
Missing character: There is no z in font nullfont!
Missing character: There is no m in font nullfont!
Missing character: There is no j in font nullfont!
Missing character: There is no e in font nullfont!
Missing character: There is no t in font nullfont!
Missing character: There is no a in font nullfont!
Missing character: There is no j in font nullfont!
Missing character: There is no a in font nullfont!

Overfull \hbox (20.0pt too wide) in paragraph at lines 40--41
[]
 []


Overfull \hbox (3.94444pt too wide) in paragraph at lines 40--41
\/cmr/m/n/10 ^^Ts 
 []


Overfull \hbox (35.37761pt too wide) in paragraph at lines 42--43
[]\OT1/cmr/bx/it/10 dio
 []


Overfull \hbox (9.46657pt too wide) in paragraph at lines 42--43
\OT1/cmr/bx/it/10 2.
 []


Overfull \hbox (13.89432pt too wide) in paragraph at lines 42--43
\OT1/cmr/bx/it/10 re-
 []


Overfull \hbox (17.92761pt too wide) in paragraph at lines 42--43
\OT1/cmr/bx/it/10 viz-
 []


Overfull \hbox (13.28322pt too wide) in paragraph at lines 42--43
\OT1/cmr/bx/it/10 ije 
 []


Overfull \hbox (58.85527pt too wide) in paragraph at lines 44--45
[]\OT1/cmr/m/it/10 Potrebno
 []


Overfull \hbox (7.66661pt too wide) in paragraph at lines 44--45
\OT1/cmr/m/it/10 je
 []


Overfull \hbox (25.04427pt too wide) in paragraph at lines 44--45
\OT1/cmr/m/it/10 umet-
 []


Overfull \hbox (17.37767pt too wide) in paragraph at lines 44--45
\OT1/cmr/m/it/10 nuti
 []


Overfull \hbox (27.9469pt too wide) in paragraph at lines 44--45
\OT1/cmr/bx/it/10 speci-
 []


Overfull \hbox (30.99973pt too wide) in paragraph at lines 44--45
\OT1/cmr/bx/it/10 fikaci-
 []


Overfull \hbox (17.30261pt too wide) in paragraph at lines 44--45
\OT1/cmr/bx/it/10 jski
 []


Overfull \hbox (11.75548pt too wide) in paragraph at lines 44--45
\OT1/cmr/m/it/10 di-
 []


Overfull \hbox (11.75548pt too wide) in paragraph at lines 44--45
\OT1/cmr/m/it/10 ja-
 []


Overfull \hbox (21.59428pt too wide) in paragraph at lines 44--45
\OT1/cmr/m/it/10 gram
 []


Overfull \hbox (49.44968pt too wide) in paragraph at lines 44--45
\OT1/cmr/m/it/10 razmje^^Tstaja
 []


Overfull \hbox (3.06665pt too wide) in paragraph at lines 44--45
\OT1/cmr/m/it/10 i
 []


Overfull \hbox (28.87761pt too wide) in paragraph at lines 44--45
\OT1/cmr/m/it/10 opisati
 []


Overfull \hbox (12.7777pt too wide) in paragraph at lines 44--45
\OT1/cmr/m/it/10 ga.
 []


Overfull \hbox (32.7331pt too wide) in paragraph at lines 44--45
\OT1/cmr/m/it/10 Mogu^^Sce
 []


Overfull \hbox (7.66661pt too wide) in paragraph at lines 44--45
\OT1/cmr/m/it/10 je
 []


Overfull \hbox (17.12212pt too wide) in paragraph at lines 44--45
\OT1/cmr/m/it/10 um-
 []


Overfull \hbox (20.18875pt too wide) in paragraph at lines 44--45
\OT1/cmr/m/it/10 jesto
 []


Overfull \hbox (24.02202pt too wide) in paragraph at lines 44--45
\OT1/cmr/m/it/10 speci-
 []


Overfull \hbox (26.57759pt too wide) in paragraph at lines 44--45
\OT1/cmr/m/it/10 fikaci-
 []


Overfull \hbox (20.9554pt too wide) in paragraph at lines 44--45
\OT1/cmr/m/it/10 jskog
 []


Overfull \hbox (11.75548pt too wide) in paragraph at lines 44--45
\OT1/cmr/m/it/10 di-
 []


Overfull \hbox (11.75548pt too wide) in paragraph at lines 44--45
\OT1/cmr/m/it/10 ja-
 []


Overfull \hbox (26.70537pt too wide) in paragraph at lines 44--45
\OT1/cmr/m/it/10 grama
 []


Overfull \hbox (49.44968pt too wide) in paragraph at lines 44--45
\OT1/cmr/m/it/10 razmje^^Tstaja
 []


Overfull \hbox (25.04427pt too wide) in paragraph at lines 44--45
\OT1/cmr/m/it/10 umet-
 []


Overfull \hbox (17.37767pt too wide) in paragraph at lines 44--45
\OT1/cmr/m/it/10 nuti
 []


Overfull \hbox (11.75548pt too wide) in paragraph at lines 44--45
\OT1/cmr/m/it/10 di-
 []


Overfull \hbox (11.75548pt too wide) in paragraph at lines 44--45
\OT1/cmr/m/it/10 ja-
 []


Overfull \hbox (21.59428pt too wide) in paragraph at lines 44--45
\OT1/cmr/m/it/10 gram
 []


Overfull \hbox (49.44968pt too wide) in paragraph at lines 44--45
\OT1/cmr/m/it/10 razmje^^Tstaja
 []


Overfull \hbox (12.26659pt too wide) in paragraph at lines 44--45
\OT1/cmr/m/it/10 in-
 []


Overfull \hbox (28.8776pt too wide) in paragraph at lines 44--45
\OT1/cmr/m/it/10 stanci,
 []


Overfull \hbox (14.311pt too wide) in paragraph at lines 44--45
\OT1/cmr/m/it/10 pod
 []


Overfull \hbox (21.21095pt too wide) in paragraph at lines 44--45
\OT1/cmr/m/it/10 uvje-
 []


Overfull \hbox (16.61101pt too wide) in paragraph at lines 44--45
\OT1/cmr/m/it/10 tom
 []


Overfull \hbox (10.22217pt too wide) in paragraph at lines 44--45
\OT1/cmr/m/it/10 da
 []


Overfull \hbox (11.49992pt too wide) in paragraph at lines 44--45
\OT1/cmr/m/it/10 taj
 []


Overfull \hbox (11.75548pt too wide) in paragraph at lines 44--45
\OT1/cmr/m/it/10 di-
 []


Overfull \hbox (11.75548pt too wide) in paragraph at lines 44--45
\OT1/cmr/m/it/10 ja-
 []


Overfull \hbox (21.59428pt too wide) in paragraph at lines 44--45
\OT1/cmr/m/it/10 gram
 []


Overfull \hbox (19.42207pt too wide) in paragraph at lines 44--45
\OT1/cmr/m/it/10 bolje
 []


Overfull \hbox (30.41093pt too wide) in paragraph at lines 44--45
\OT1/cmr/m/it/10 opisuje
 []


Overfull \hbox (17.88876pt too wide) in paragraph at lines 44--45
\OT1/cmr/m/it/10 neki
 []


Overfull \hbox (28.62206pt too wide) in paragraph at lines 44--45
\OT1/cmr/m/it/10 va^^Tzniji
 []


Overfull \hbox (13.28882pt too wide) in paragraph at lines 44--45
\OT1/cmr/m/it/10 dio
 []


Overfull \hbox (17.12212pt too wide) in paragraph at lines 44--45
\OT1/cmr/m/it/10 sus-
 []


Overfull \hbox (21.21097pt too wide) in paragraph at lines 44--45
\OT1/cmr/m/it/10 tava. 
 []


Underfull \vbox (badness 10000) has occurred while \output is active []



! LaTeX Error: The font size command \normalsize is not defined:
               there is probably something wrong with the class file.

See the LaTeX manual or LaTeX Companion for explanation.
Type  H <return>  for immediate help.
 ...                                              
                                                  
l.46 			\eject
              
Your command was ignored.
Type  I <command> <return>  to replace it with another command,
or  <return>  to continue without it.

[3]
! Undefined control sequence.
l.48 		\section
               {Upute za puštanje u pogon}
The control sequence at the end of the top line
of your error message was never \def'ed. If you have
misspelled it (e.g., `\hobx'), type `I' and the correct
spelling (e.g., `I\hbox'). Otherwise just continue,
and I'll forget about whatever was undefined.

Missing character: There is no U in font nullfont!
Missing character: There is no p in font nullfont!
Missing character: There is no u in font nullfont!
Missing character: There is no t in font nullfont!
Missing character: There is no e in font nullfont!
Missing character: There is no z in font nullfont!
Missing character: There is no a in font nullfont!
Missing character: There is no p in font nullfont!
Missing character: There is no u in font nullfont!
Missing character: There is no t in font nullfont!
Missing character: There is no a in font nullfont!
Missing character: There is no n in font nullfont!
Missing character: There is no j in font nullfont!
Missing character: There is no e in font nullfont!
Missing character: There is no u in font nullfont!
Missing character: There is no p in font nullfont!
Missing character: There is no o in font nullfont!
Missing character: There is no g in font nullfont!
Missing character: There is no o in font nullfont!
Missing character: There is no n in font nullfont!

Overfull \hbox (20.0pt too wide) in paragraph at lines 48--49
[]
 []


Overfull \hbox (3.94444pt too wide) in paragraph at lines 48--49
\/cmr/m/n/10 ^^Ts
 []


Overfull \hbox (35.37761pt too wide) in paragraph at lines 50--51
[]\OT1/cmr/bx/it/10 dio
 []


Overfull \hbox (9.46657pt too wide) in paragraph at lines 50--51
\OT1/cmr/bx/it/10 2.
 []


Overfull \hbox (13.89432pt too wide) in paragraph at lines 50--51
\OT1/cmr/bx/it/10 re-
 []


Overfull \hbox (17.92761pt too wide) in paragraph at lines 50--51
\OT1/cmr/bx/it/10 viz-
 []


Overfull \hbox (13.28322pt too wide) in paragraph at lines 50--51
\OT1/cmr/bx/it/10 ije 
 []


Overfull \hbox (27.43329pt too wide) in paragraph at lines 52--53
[]\OT1/cmr/m/it/10 U
 []


Overfull \hbox (22.99986pt too wide) in paragraph at lines 52--53
\OT1/cmr/m/it/10 ovom
 []


Overfull \hbox (37.0553pt too wide) in paragraph at lines 52--53
\OT1/cmr/m/it/10 poglavlju
 []


Overfull \hbox (36.67194pt too wide) in paragraph at lines 52--53
\OT1/cmr/m/it/10 potrebno
 []


Overfull \hbox (7.66661pt too wide) in paragraph at lines 52--53
\OT1/cmr/m/it/10 je
 []


Overfull \hbox (16.61101pt too wide) in paragraph at lines 52--53
\OT1/cmr/m/it/10 dati
 []


Overfull \hbox (23.76651pt too wide) in paragraph at lines 52--53
\OT1/cmr/m/it/10 upute
 []


Overfull \hbox (9.19995pt too wide) in paragraph at lines 52--53
\OT1/cmr/m/it/10 za
 []


Overfull \hbox (36.28867pt too wide) in paragraph at lines 52--53
\OT1/cmr/m/it/10 pu^^Tstanje
 []


Overfull \hbox (5.36664pt too wide) in paragraph at lines 52--53
\OT1/cmr/m/it/10 u
 []


Overfull \hbox (24.53316pt too wide) in paragraph at lines 52--53
\OT1/cmr/m/it/10 pogon
 []


Overfull \hbox (24.53317pt too wide) in paragraph at lines 52--53
\OT1/cmr/m/it/10 (engl.
 []


Overfull \hbox (13.28879pt too wide) in paragraph at lines 52--53
\OT1/cmr/m/it/10 de-
 []


Overfull \hbox (21.21097pt too wide) in paragraph at lines 52--53
\OT1/cmr/m/it/10 ploy-
 []


Overfull \hbox (25.81094pt too wide) in paragraph at lines 52--53
\OT1/cmr/m/it/10 ment)
 []


Overfull \hbox (16.09988pt too wide) in paragraph at lines 52--53
\OT1/cmr/m/it/10 ost-
 []


Overfull \hbox (28.23866pt too wide) in paragraph at lines 52--53
\OT1/cmr/m/it/10 varene
 []


Overfull \hbox (13.79991pt too wide) in paragraph at lines 52--53
\OT1/cmr/m/it/10 ap-
 []


Overfull \hbox (33.73311pt too wide) in paragraph at lines 52--53
\OT1/cmr/m/it/10 likacije.
 []


Overfull \hbox (12.54437pt too wide) in paragraph at lines 52--53
\OT1/cmr/m/it/10 Na
 []


Overfull \hbox (24.14984pt too wide) in paragraph at lines 52--53
\OT1/cmr/m/it/10 prim-
 []


Overfull \hbox (14.94989pt too wide) in paragraph at lines 52--53
\OT1/cmr/m/it/10 jer,
 []


Overfull \hbox (9.19995pt too wide) in paragraph at lines 52--53
\OT1/cmr/m/it/10 za
 []


Overfull \hbox (15.84433pt too wide) in paragraph at lines 52--53
\OT1/cmr/m/it/10 web
 []


Overfull \hbox (13.79991pt too wide) in paragraph at lines 52--53
\OT1/cmr/m/it/10 ap-
 []


Overfull \hbox (33.73311pt too wide) in paragraph at lines 52--53
\OT1/cmr/m/it/10 likacije,
 []


Overfull \hbox (28.87761pt too wide) in paragraph at lines 52--53
\OT1/cmr/m/it/10 opisati
 []


Overfull \hbox (17.37766pt too wide) in paragraph at lines 52--53
\OT1/cmr/m/it/10 pos-
 []


Overfull \hbox (12.26657pt too wide) in paragraph at lines 52--53
\OT1/cmr/m/it/10 tu-
 []


Overfull \hbox (14.311pt too wide) in paragraph at lines 52--53
\OT1/cmr/m/it/10 pak
 []


Overfull \hbox (13.28879pt too wide) in paragraph at lines 52--53
\OT1/cmr/m/it/10 ko-
 []


Overfull \hbox (14.31104pt too wide) in paragraph at lines 52--53
\OT1/cmr/m/it/10 jim
 []


Overfull \hbox (8.68883pt too wide) in paragraph at lines 52--53
\OT1/cmr/m/it/10 se
 []


Overfull \hbox (9.71104pt too wide) in paragraph at lines 52--53
\OT1/cmr/m/it/10 od
 []


Overfull \hbox (35.9053pt too wide) in paragraph at lines 52--53
\OT1/cmr/m/it/10 izvornog
 []


Overfull \hbox (19.93321pt too wide) in paragraph at lines 52--53
\OT1/cmr/m/it/10 k^oda
 []


Overfull \hbox (25.04431pt too wide) in paragraph at lines 52--53
\OT1/cmr/m/it/10 dolazi
 []


Overfull \hbox (10.22217pt too wide) in paragraph at lines 52--53
\OT1/cmr/m/it/10 do
 []


Overfull \hbox (16.61098pt too wide) in paragraph at lines 52--53
\OT1/cmr/m/it/10 pot-
 []


Overfull \hbox (21.211pt too wide) in paragraph at lines 52--53
\OT1/cmr/m/it/10 puno
 []


Overfull \hbox (32.96643pt too wide) in paragraph at lines 52--53
\OT1/cmr/m/it/10 postavl-
 []


Overfull \hbox (17.88876pt too wide) in paragraph at lines 52--53
\OT1/cmr/m/it/10 jene
 []


Overfull \hbox (17.88875pt too wide) in paragraph at lines 52--53
\OT1/cmr/m/it/10 baze
 []


Overfull \hbox (13.28879pt too wide) in paragraph at lines 52--53
\OT1/cmr/m/it/10 po-
 []


Overfull \hbox (28.36649pt too wide) in paragraph at lines 52--53
\OT1/cmr/m/it/10 dataka
 []


Overfull \hbox (3.06665pt too wide) in paragraph at lines 52--53
\OT1/cmr/m/it/10 i
 []


Overfull \hbox (47.53304pt too wide) in paragraph at lines 52--53
\OT1/cmr/m/it/10 poslu^^Tzitelja
 []


Overfull \hbox (15.84435pt too wide) in paragraph at lines 52--53
\OT1/cmr/m/it/10 koji
 []


Overfull \hbox (22.99983pt too wide) in paragraph at lines 52--53
\OT1/cmr/m/it/10 odgo-
 []


Overfull \hbox (18.52763pt too wide) in paragraph at lines 52--53
\OT1/cmr/m/it/10 vara
 []


Overfull \hbox (10.73328pt too wide) in paragraph at lines 52--53
\OT1/cmr/m/it/10 na
 []


Overfull \hbox (14.05547pt too wide) in paragraph at lines 52--53
\OT1/cmr/m/it/10 up-
 []


Overfull \hbox (10.9888pt too wide) in paragraph at lines 52--53
\OT1/cmr/m/it/10 ite
 []


Overfull \hbox (13.28879pt too wide) in paragraph at lines 52--53
\OT1/cmr/m/it/10 ko-
 []


Overfull \hbox (14.94989pt too wide) in paragraph at lines 52--53
\OT1/cmr/m/it/10 ris-
 []


Overfull \hbox (21.46654pt too wide) in paragraph at lines 52--53
\OT1/cmr/m/it/10 nika.
 []


Overfull \hbox (11.24437pt too wide) in paragraph at lines 52--53
\OT1/cmr/m/it/10 Za
 []


Overfull \hbox (16.86656pt too wide) in paragraph at lines 52--53
\OT1/cmr/m/it/10 mo-
 []


Overfull \hbox (21.21098pt too wide) in paragraph at lines 52--53
\OT1/cmr/m/it/10 bilnu
 []


Overfull \hbox (13.79991pt too wide) in paragraph at lines 52--53
\OT1/cmr/m/it/10 ap-
 []


Overfull \hbox (34.49979pt too wide) in paragraph at lines 52--53
\OT1/cmr/m/it/10 likaciju,
 []


Overfull \hbox (17.37766pt too wide) in paragraph at lines 52--53
\OT1/cmr/m/it/10 pos-
 []


Overfull \hbox (12.26657pt too wide) in paragraph at lines 52--53
\OT1/cmr/m/it/10 tu-
 []


Overfull \hbox (14.311pt too wide) in paragraph at lines 52--53
\OT1/cmr/m/it/10 pak
 []


Overfull \hbox (13.28879pt too wide) in paragraph at lines 52--53
\OT1/cmr/m/it/10 ko-
 []


Overfull \hbox (14.31104pt too wide) in paragraph at lines 52--53
\OT1/cmr/m/it/10 jim
 []


Overfull \hbox (8.68883pt too wide) in paragraph at lines 52--53
\OT1/cmr/m/it/10 se
 []


Overfull \hbox (13.79991pt too wide) in paragraph at lines 52--53
\OT1/cmr/m/it/10 ap-
 []


Overfull \hbox (31.17758pt too wide) in paragraph at lines 52--53
\OT1/cmr/m/it/10 likacija
 []


Overfull \hbox (10.73326pt too wide) in paragraph at lines 52--53
\OT1/cmr/m/it/10 iz-
 []


Overfull \hbox (24.66093pt too wide) in paragraph at lines 52--53
\OT1/cmr/m/it/10 gradi,
 []


Overfull \hbox (7.92215pt too wide) in paragraph at lines 52--53
\OT1/cmr/m/it/10 te
 []


Overfull \hbox (29.8998pt too wide) in paragraph at lines 52--53
\OT1/cmr/m/it/10 postavi
 []


Overfull \hbox (10.73328pt too wide) in paragraph at lines 52--53
\OT1/cmr/m/it/10 na
 []


Overfull \hbox (20.18875pt too wide) in paragraph at lines 52--53
\OT1/cmr/m/it/10 neku
 []


Overfull \hbox (9.71104pt too wide) in paragraph at lines 52--53
\OT1/cmr/m/it/10 od
 []


Overfull \hbox (11.11656pt too wide) in paragraph at lines 52--53
\OT1/cmr/m/it/10 tr-
 []


Overfull \hbox (17.88875pt too wide) in paragraph at lines 52--53
\OT1/cmr/m/it/10 gov-
 []


Overfull \hbox (16.86658pt too wide) in paragraph at lines 52--53
\OT1/cmr/m/it/10 ina.
 []


Overfull \hbox (11.24437pt too wide) in paragraph at lines 52--53
\OT1/cmr/m/it/10 Za
 []


Overfull \hbox (26.06651pt too wide) in paragraph at lines 52--53
\OT1/cmr/m/it/10 stolnu
 []


Overfull \hbox (24.53317pt too wide) in paragraph at lines 52--53
\OT1/cmr/m/it/10 (engl.
 []


Overfull \hbox (21.97762pt too wide) in paragraph at lines 52--53
\OT1/cmr/m/it/10 desk-
 []


Overfull \hbox (17.63322pt too wide) in paragraph at lines 52--53
\OT1/cmr/m/it/10 top)
 []


Overfull \hbox (13.79991pt too wide) in paragraph at lines 52--53
\OT1/cmr/m/it/10 ap-
 []


Overfull \hbox (34.49979pt too wide) in paragraph at lines 52--53
\OT1/cmr/m/it/10 likaciju,
 []


Overfull \hbox (17.37766pt too wide) in paragraph at lines 52--53
\OT1/cmr/m/it/10 pos-
 []


Overfull \hbox (12.26657pt too wide) in paragraph at lines 52--53
\OT1/cmr/m/it/10 tu-
 []


Overfull \hbox (14.311pt too wide) in paragraph at lines 52--53
\OT1/cmr/m/it/10 pak
 []


Overfull \hbox (13.28879pt too wide) in paragraph at lines 52--53
\OT1/cmr/m/it/10 ko-
 []


Overfull \hbox (14.31104pt too wide) in paragraph at lines 52--53
\OT1/cmr/m/it/10 jim
 []


Overfull \hbox (8.68883pt too wide) in paragraph at lines 52--53
\OT1/cmr/m/it/10 se
 []


Overfull \hbox (13.79991pt too wide) in paragraph at lines 52--53
\OT1/cmr/m/it/10 ap-
 []


Overfull \hbox (31.17758pt too wide) in paragraph at lines 52--53
\OT1/cmr/m/it/10 likacija
 []


Overfull \hbox (12.26659pt too wide) in paragraph at lines 52--53
\OT1/cmr/m/it/10 in-
 []


Overfull \hbox (26.96092pt too wide) in paragraph at lines 52--53
\OT1/cmr/m/it/10 stalira
 []


Overfull \hbox (10.73328pt too wide) in paragraph at lines 52--53
\OT1/cmr/m/it/10 na
 []


Overfull \hbox (40.24974pt too wide) in paragraph at lines 52--53
\OT1/cmr/m/it/10 ra^^Tcunalo.
 []


Overfull \hbox (20.72208pt too wide) in paragraph at lines 52--53
\OT1/cmr/m/it/10 Uko-
 []


Overfull \hbox (15.33324pt too wide) in paragraph at lines 52--53
\OT1/cmr/m/it/10 liko
 []


Overfull \hbox (16.86656pt too wide) in paragraph at lines 52--53
\OT1/cmr/m/it/10 mo-
 []


Overfull \hbox (20.4443pt too wide) in paragraph at lines 52--53
\OT1/cmr/m/it/10 bilne
 []


Overfull \hbox (3.06665pt too wide) in paragraph at lines 52--53
\OT1/cmr/m/it/10 i
 []


Overfull \hbox (25.29984pt too wide) in paragraph at lines 52--53
\OT1/cmr/m/it/10 stolne
 []


Overfull \hbox (13.79991pt too wide) in paragraph at lines 52--53
\OT1/cmr/m/it/10 ap-
 []


Overfull \hbox (30.66646pt too wide) in paragraph at lines 52--53
\OT1/cmr/m/it/10 likacije
 []


Overfull \hbox (13.28879pt too wide) in paragraph at lines 52--53
\OT1/cmr/m/it/10 ko-
 []


Overfull \hbox (17.12212pt too wide) in paragraph at lines 52--53
\OT1/cmr/m/it/10 mu-
 []


Overfull \hbox (12.26659pt too wide) in paragraph at lines 52--53
\OT1/cmr/m/it/10 ni-
 []


Overfull \hbox (11.24435pt too wide) in paragraph at lines 52--53
\OT1/cmr/m/it/10 ci-
 []


Overfull \hbox (17.24988pt too wide) in paragraph at lines 52--53
\OT1/cmr/m/it/10 raju
 []


Overfull \hbox (4.08887pt too wide) in paragraph at lines 52--53
\OT1/cmr/m/it/10 s
 []


Overfull \hbox (55.19965pt too wide) in paragraph at lines 52--53
\OT1/cmr/m/it/10 poslu^^Tziteljem
 []


Overfull \hbox (16.86658pt too wide) in paragraph at lines 52--53
\OT1/cmr/m/it/10 i/ili
 []


Overfull \hbox (26.5776pt too wide) in paragraph at lines 52--53
\OT1/cmr/m/it/10 bazom
 []


Overfull \hbox (13.28879pt too wide) in paragraph at lines 52--53
\OT1/cmr/m/it/10 po-
 []


Overfull \hbox (31.43314pt too wide) in paragraph at lines 52--53
\OT1/cmr/m/it/10 dataka,
 []


Overfull \hbox (28.87761pt too wide) in paragraph at lines 52--53
\OT1/cmr/m/it/10 opisati
 []


Overfull \hbox (3.06665pt too wide) in paragraph at lines 52--53
\OT1/cmr/m/it/10 i
 []


Overfull \hbox (17.37766pt too wide) in paragraph at lines 52--53
\OT1/cmr/m/it/10 pos-
 []


Overfull \hbox (12.26657pt too wide) in paragraph at lines 52--53
\OT1/cmr/m/it/10 tu-
 []


Overfull \hbox (14.311pt too wide) in paragraph at lines 52--53
\OT1/cmr/m/it/10 pak
 []


Overfull \hbox (15.33324pt too wide) in paragraph at lines 52--53
\OT1/cmr/m/it/10 nji-
 []


Overfull \hbox (24.02205pt too wide) in paragraph at lines 52--53
\OT1/cmr/m/it/10 hovog
 []


Overfull \hbox (32.96643pt too wide) in paragraph at lines 52--53
\OT1/cmr/m/it/10 postavl-
 []


Overfull \hbox (25.04431pt too wide) in paragraph at lines 52--53
\OT1/cmr/m/it/10 janja.
 []


Overfull \hbox (14.06657pt too wide) in paragraph at lines 52--53
\OT1/cmr/m/it/10 Pri
 []


Overfull \hbox (24.14984pt too wide) in paragraph at lines 52--53
\OT1/cmr/m/it/10 izradi
 []


Overfull \hbox (14.05547pt too wide) in paragraph at lines 52--53
\OT1/cmr/m/it/10 up-
 []


Overfull \hbox (13.79991pt too wide) in paragraph at lines 52--53
\OT1/cmr/m/it/10 uta
 []


Overfull \hbox (16.9943pt too wide) in paragraph at lines 52--53
\OT1/cmr/m/it/10 pre-
 []


Overfull \hbox (36.92752pt too wide) in paragraph at lines 52--53
\OT1/cmr/m/it/10 poru^^Tcuje
 []


Overfull \hbox (8.68883pt too wide) in paragraph at lines 52--53
\OT1/cmr/m/it/10 se
 []


Overfull \hbox (16.55539pt too wide) in paragraph at lines 52--53
\OT1/cmr/bx/it/10 na-
 []


Overfull \hbox (12.4332pt too wide) in paragraph at lines 52--53
\OT1/cmr/bx/it/10 gl-
 []


Overfull \hbox (10.05545pt too wide) in paragraph at lines 52--53
\OT1/cmr/bx/it/10 a-
 []


Overfull \hbox (15.83041pt too wide) in paragraph at lines 52--53
\OT1/cmr/bx/it/10 siti
 []


Overfull \hbox (15.37761pt too wide) in paragraph at lines 52--53
\OT1/cmr/bx/it/10 ko-
 []


Overfull \hbox (20.98311pt too wide) in paragraph at lines 52--53
\OT1/cmr/bx/it/10 rake
 []


Overfull \hbox (14.19987pt too wide) in paragraph at lines 52--53
\OT1/cmr/bx/it/10 in-
 []


Overfull \hbox (18.77481pt too wide) in paragraph at lines 52--53
\OT1/cmr/bx/it/10 sta-
 []


Overfull \hbox (26.63304pt too wide) in paragraph at lines 52--53
\OT1/cmr/bx/it/10 lacije
 []


Overfull \hbox (47.86612pt too wide) in paragraph at lines 52--53
\OT1/cmr/bx/it/10 uporabom
 []


Overfull \hbox (48.48836pt too wide) in paragraph at lines 52--53
\OT1/cmr/bx/it/10 natuknica
 []


Overfull \hbox (7.92215pt too wide) in paragraph at lines 52--53
\OT1/cmr/m/it/10 te
 []


Overfull \hbox (13.28879pt too wide) in paragraph at lines 52--53
\OT1/cmr/m/it/10 ko-
 []


Overfull \hbox (14.94989pt too wide) in paragraph at lines 52--53
\OT1/cmr/m/it/10 ris-
 []


Overfull \hbox (12.77768pt too wide) in paragraph at lines 52--53
\OT1/cmr/m/it/10 titi
 []


Overfull \hbox (12.52214pt too wide) in paragraph at lines 52--53
\OT1/cmr/m/it/10 ^^Tsto
 []


Overfull \hbox (7.66661pt too wide) in paragraph at lines 52--53
\OT1/cmr/m/it/10 je
 []


Overfull \hbox (16.35544pt too wide) in paragraph at lines 52--53
\OT1/cmr/m/it/10 vi^^Tse
 []


Overfull \hbox (31.94421pt too wide) in paragraph at lines 52--53
\OT1/cmr/m/it/10 mogu^^Sce
 []


Overfull \hbox (22.03587pt too wide) in paragraph at lines 52--53
\OT1/cmr/bx/it/10 slike
 []


Overfull \hbox (33.39409pt too wide) in paragraph at lines 52--53
\OT1/cmr/bx/it/10 ekrana
 []


Overfull \hbox (24.53317pt too wide) in paragraph at lines 52--53
\OT1/cmr/m/it/10 (engl.
 []


Overfull \hbox (30.28307pt too wide) in paragraph at lines 52--53
\OT1/cmr/m/it/10 screen-
 []


Overfull \hbox (25.81096pt too wide) in paragraph at lines 52--53
\OT1/cmr/m/it/10 shots)
 []


Overfull \hbox (19.42209pt too wide) in paragraph at lines 52--53
\OT1/cmr/m/it/10 kako
 []


Overfull \hbox (7.66661pt too wide) in paragraph at lines 52--53
\OT1/cmr/m/it/10 bi
 []


Overfull \hbox (23.76651pt too wide) in paragraph at lines 52--53
\OT1/cmr/m/it/10 upute
 []


Overfull \hbox (14.82211pt too wide) in paragraph at lines 52--53
\OT1/cmr/m/it/10 bile
 []


Overfull \hbox (22.48875pt too wide) in paragraph at lines 52--53
\OT1/cmr/m/it/10 jasne
 []


Overfull \hbox (3.06665pt too wide) in paragraph at lines 52--53
\OT1/cmr/m/it/10 i
 []


Overfull \hbox (15.84431pt too wide) in paragraph at lines 52--53
\OT1/cmr/m/it/10 jed-
 []


Overfull \hbox (18.39989pt too wide) in paragraph at lines 52--53
\OT1/cmr/m/it/10 nos-
 []


Overfull \hbox (23.25539pt too wide) in paragraph at lines 52--53
\OT1/cmr/m/it/10 tavne
 []


Overfull \hbox (9.19995pt too wide) in paragraph at lines 52--53
\OT1/cmr/m/it/10 za
 []


Overfull \hbox (13.2888pt too wide) in paragraph at lines 52--53
\OT1/cmr/m/it/10 sli-
 []


Overfull \hbox (24.78871pt too wide) in paragraph at lines 52--53
\OT1/cmr/m/it/10 jediti. 
 []

! Undefined control sequence.
<argument> ...sljedećih besplatnih usluga: \href 
                                                  {https://aws.amazon.com/}{...
l.55 ...oid, Google Play ili Amazon App trgovini.}
                                                  
The control sequence at the end of the top line
of your error message was never \def'ed. If you have
misspelled it (e.g., `\hobx'), type `I' and the correct
spelling (e.g., `I\hbox'). Otherwise just continue,
and I'll forget about whatever was undefined.

! Undefined control sequence.
<argument> ...aws.amazon.com/}{Amazon AWS}, \href 
                                                  {https://azure.microsoft.c...
l.55 ...oid, Google Play ili Amazon App trgovini.}
                                                  
The control sequence at the end of the top line
of your error message was never \def'ed. If you have
misspelled it (e.g., `\hobx'), type `I' and the correct
spelling (e.g., `I\hbox'). Otherwise just continue,
and I'll forget about whatever was undefined.

! Undefined control sequence.
<argument> .../en-us/}{Microsoft Azure} ili \href 
                                                  {https://www.heroku.com/}{...
l.55 ...oid, Google Play ili Amazon App trgovini.}
                                                  
The control sequence at the end of the top line
of your error message was never \def'ed. If you have
misspelled it (e.g., `\hobx'), type `I' and the correct
spelling (e.g., `I\hbox'). Otherwise just continue,
and I'll forget about whatever was undefined.


Overfull \hbox (61.15527pt too wide) in paragraph at lines 55--56
[]\OT1/cmr/m/it/10 Dovr^^Tsenu
 []


Overfull \hbox (13.79991pt too wide) in paragraph at lines 55--56
\OT1/cmr/m/it/10 ap-
 []


Overfull \hbox (31.43314pt too wide) in paragraph at lines 55--56
\OT1/cmr/m/it/10 likaciju
 []


Overfull \hbox (36.67194pt too wide) in paragraph at lines 55--56
\OT1/cmr/m/it/10 potrebno
 []


Overfull \hbox (7.66661pt too wide) in paragraph at lines 55--56
\OT1/cmr/m/it/10 je
 []


Overfull \hbox (39.99414pt too wide) in paragraph at lines 55--56
\OT1/cmr/m/it/10 pokrenuti
 []


Overfull \hbox (10.73328pt too wide) in paragraph at lines 55--56
\OT1/cmr/m/it/10 na
 []


Overfull \hbox (23.51097pt too wide) in paragraph at lines 55--56
\OT1/cmr/m/it/10 javno
 []


Overfull \hbox (17.88878pt too wide) in paragraph at lines 55--56
\OT1/cmr/m/it/10 dos-
 []


Overfull \hbox (17.37766pt too wide) in paragraph at lines 55--56
\OT1/cmr/m/it/10 tup-
 []


Overfull \hbox (18.91101pt too wide) in paragraph at lines 55--56
\OT1/cmr/m/it/10 nom
 []


Overfull \hbox (50.85524pt too wide) in paragraph at lines 55--56
\OT1/cmr/m/it/10 poslu^^Tzitelju.
 []


Overfull \hbox (17.88876pt too wide) in paragraph at lines 55--56
\OT1/cmr/m/it/10 Stu-
 []


Overfull \hbox (18.91098pt too wide) in paragraph at lines 55--56
\OT1/cmr/m/it/10 den-
 []


Overfull \hbox (19.67766pt too wide) in paragraph at lines 55--56
\OT1/cmr/m/it/10 tima
 []


Overfull \hbox (8.68883pt too wide) in paragraph at lines 55--56
\OT1/cmr/m/it/10 se
 []


Overfull \hbox (16.9943pt too wide) in paragraph at lines 55--56
\OT1/cmr/m/it/10 pre-
 []


Overfull \hbox (29.00536pt too wide) in paragraph at lines 55--56
\OT1/cmr/m/it/10 poru^^Tca
 []


Overfull \hbox (42.29414pt too wide) in paragraph at lines 55--56
\OT1/cmr/m/it/10 kori^^Tstenje
 []


Overfull \hbox (19.42207pt too wide) in paragraph at lines 55--56
\OT1/cmr/m/it/10 neke
 []


Overfull \hbox (9.71104pt too wide) in paragraph at lines 55--56
\OT1/cmr/m/it/10 od
 []


Overfull \hbox (36.28864pt too wide) in paragraph at lines 55--56
\OT1/cmr/m/it/10 sljede^^Scih
 []


Overfull \hbox (12.26654pt too wide) in paragraph at lines 55--56
\OT1/cmr/m/it/10 be-
 []


Overfull \hbox (23.76651pt too wide) in paragraph at lines 55--56
\OT1/cmr/m/it/10 splat-
 []


Overfull \hbox (13.79993pt too wide) in paragraph at lines 55--56
\OT1/cmr/m/it/10 nih
 []


Overfull \hbox (13.03325pt too wide) in paragraph at lines 55--56
\OT1/cmr/m/it/10 us-
 []


Overfull \hbox (20.69987pt too wide) in paragraph at lines 55--56
\OT1/cmr/m/it/10 luga:
 []


Overfull \hbox (147.22136pt too wide) in paragraph at lines 55--56
\OT1/cmr/m/it/10 https://aws.amazon.com/Amazon
 []


Overfull \hbox (25.08875pt too wide) in paragraph at lines 55--56
\OT1/cmr/m/it/10 AWS,
 []


Overfull \hbox (139.78795pt too wide) in paragraph at lines 55--56
\OT1/cmr/m/it/10 https://azure.microsoft.com/en-
 []


Overfull \hbox (55.6052pt too wide) in paragraph at lines 55--56
\OT1/cmr/m/it/10 us/Microsoft
 []


Overfull \hbox (25.19426pt too wide) in paragraph at lines 55--56
\OT1/cmr/m/it/10 Azure
 []


Overfull \hbox (8.68884pt too wide) in paragraph at lines 55--56
\OT1/cmr/m/it/10 ili
 []


Overfull \hbox (145.17682pt too wide) in paragraph at lines 55--56
\OT1/cmr/m/it/10 https://www.heroku.com/Heroku.
 []


Overfull \hbox (17.65544pt too wide) in paragraph at lines 55--56
\OT1/cmr/m/it/10 Mo-
 []


Overfull \hbox (20.4443pt too wide) in paragraph at lines 55--56
\OT1/cmr/m/it/10 bilne
 []


Overfull \hbox (13.79991pt too wide) in paragraph at lines 55--56
\OT1/cmr/m/it/10 ap-
 []


Overfull \hbox (30.66646pt too wide) in paragraph at lines 55--56
\OT1/cmr/m/it/10 likacije
 []


Overfull \hbox (15.2054pt too wide) in paragraph at lines 55--56
\OT1/cmr/m/it/10 tre-
 []


Overfull \hbox (17.63321pt too wide) in paragraph at lines 55--56
\OT1/cmr/m/it/10 baju
 []


Overfull \hbox (14.05545pt too wide) in paragraph at lines 55--56
\OT1/cmr/m/it/10 biti
 []


Overfull \hbox (13.28879pt too wide) in paragraph at lines 55--56
\OT1/cmr/m/it/10 ob-
 []


Overfull \hbox (18.91098pt too wide) in paragraph at lines 55--56
\OT1/cmr/m/it/10 javl-
 []


Overfull \hbox (17.88876pt too wide) in paragraph at lines 55--56
\OT1/cmr/m/it/10 jene
 []


Overfull \hbox (10.73328pt too wide) in paragraph at lines 55--56
\OT1/cmr/m/it/10 na
 []


Overfull \hbox (10.10547pt too wide) in paragraph at lines 55--56
\OT1/cmr/m/it/10 F-
 []


Overfull \hbox (27.61092pt too wide) in paragraph at lines 55--56
\OT1/cmr/m/it/10 Droid,
 []


Overfull \hbox (28.69145pt too wide) in paragraph at lines 55--56
\OT1/cmr/m/it/10 Google
 []


Overfull \hbox (19.30544pt too wide) in paragraph at lines 55--56
\OT1/cmr/m/it/10 Play
 []


Overfull \hbox (8.68884pt too wide) in paragraph at lines 55--56
\OT1/cmr/m/it/10 ili
 []


Overfull \hbox (24.04428pt too wide) in paragraph at lines 55--56
\OT1/cmr/m/it/10 Ama-
 []


Overfull \hbox (14.82214pt too wide) in paragraph at lines 55--56
\OT1/cmr/m/it/10 zon
 []


Overfull \hbox (17.65546pt too wide) in paragraph at lines 55--56
\OT1/cmr/m/it/10 App
 []


Overfull \hbox (11.11656pt too wide) in paragraph at lines 55--56
\OT1/cmr/m/it/10 tr-
 []


Overfull \hbox (29.13315pt too wide) in paragraph at lines 55--56
\OT1/cmr/m/it/10 govini. 
 []


Underfull \vbox (badness 10000) has occurred while \output is active []



! LaTeX Error: The font size command \normalsize is not defined:
               there is probably something wrong with the class file.

See the LaTeX manual or LaTeX Companion for explanation.
Type  H <return>  for immediate help.
 ...                                              
                                                  
l.58 			\eject
              
Your command was ignored.
Type  I <command> <return>  to replace it with another command,
or  <return>  to continue without it.

[4])
! Emergency stop.
<*> Implementacija.tex
                      
*** (job aborted, no legal \end found)

 
Here is how much of TeX's memory you used:
 45 strings out of 474503
 697 string characters out of 5756704
 1936043 words of memory out of 5000000
 22113 multiletter control sequences out of 15000+600000
 559082 words of font info for 39 fonts, out of 8000000 for 9000
 1141 hyphenation exceptions out of 8191
 26i,5n,32p,880b,128s stack positions out of 10000i,1000n,20000p,200000b,200000s
!  ==> Fatal error occurred, no output PDF file produced!
