\BOOKMARK [0][-]{chapter.1}{\376\377\000D\000n\000e\000v\000n\000i\000k\000\040\000p\000r\000o\000m\000j\000e\000n\000a\000\040\000d\000o\000k\000u\000m\000e\000n\000t\000a\000c\000i\000j\000e}{}% 1
\BOOKMARK [0][-]{chapter.2}{\376\377\000O\000p\000i\000s\000\040\000p\000r\000o\000j\000e\000k\000t\000n\000o\000g\000\040\000z\000a\000d\000a\000t\000k\000a}{}% 2
\BOOKMARK [1][-]{section.2.1}{\376\377\000P\000r\000i\000m\000j\000e\000r\000i\000\040\000u\000\040\000L\000a\000T\000e\000X\000u}{chapter.2}% 3
\BOOKMARK [0][-]{chapter.3}{\376\377\000S\000p\000e\000c\000i\000f\000i\000k\000a\000c\000i\000j\000a\000\040\000p\000r\000o\000g\000r\000a\000m\000s\000k\000e\000\040\000p\000o\000t\000p\000o\000r\000e}{}% 4
\BOOKMARK [1][-]{section.3.1}{\376\377\000F\000u\000n\000k\000c\000i\000o\000n\000a\000l\000n\000i\000\040\000z\000a\000h\000t\000j\000e\000v\000i}{chapter.3}% 5
\BOOKMARK [2][-]{subsection.3.1.1}{\376\377\000O\000b\000r\000a\000s\000c\000i\000\040\000u\000p\000o\000r\000a\000b\000e}{section.3.1}% 6
\BOOKMARK [2][-]{subsection.3.1.2}{\376\377\000S\000e\000k\000v\000e\000n\000c\000i\000j\000s\000k\000i\000\040\000d\000i\000j\000a\000g\000r\000a\000m\000i}{section.3.1}% 7
\BOOKMARK [1][-]{section.3.2}{\376\377\000O\000s\000t\000a\000l\000i\000\040\000z\000a\000h\000t\000j\000e\000v\000i}{chapter.3}% 8
\BOOKMARK [0][-]{chapter.4}{\376\377\000A\000r\000h\000i\000t\000e\000k\000t\000u\000r\000a\000\040\000i\000\040\000d\000i\000z\000a\000j\000n\000\040\000s\000u\000s\000t\000a\000v\000a}{}% 9
\BOOKMARK [1][-]{section.4.1}{\376\377\000B\000a\000z\000a\000\040\000p\000o\000d\000a\000t\000a\000k\000a}{chapter.4}% 10
\BOOKMARK [2][-]{subsection.4.1.1}{\376\377\000O\000p\000i\000s\000\040\000t\000a\000b\000l\000i\000c\000a}{section.4.1}% 11
\BOOKMARK [2][-]{subsection.4.1.2}{\376\377\000D\000i\000j\000a\000g\000r\000a\000m\000\040\000b\000a\000z\000e\000\040\000p\000o\000d\000a\000t\000a\000k\000a}{section.4.1}% 12
\BOOKMARK [1][-]{section.4.2}{\376\377\000D\000i\000j\000a\000g\000r\000a\000m\000\040\000r\000a\000z\000r\000e\000d\000a}{chapter.4}% 13
\BOOKMARK [1][-]{section.4.3}{\376\377\000D\000i\000j\000a\000g\000r\000a\000m\000\040\000s\000t\000a\000n\000j\000a}{chapter.4}% 14
\BOOKMARK [1][-]{section.4.4}{\376\377\000D\000i\000j\000a\000g\000r\000a\000m\000\040\000a\000k\000t\000i\000v\000n\000o\000s\000t\000i}{chapter.4}% 15
\BOOKMARK [1][-]{section.4.5}{\376\377\000D\000i\000j\000a\000g\000r\000a\000m\000\040\000k\000o\000m\000p\000o\000n\000e\000n\000t\000i}{chapter.4}% 16
\BOOKMARK [0][-]{chapter.5}{\376\377\000I\000m\000p\000l\000e\000m\000e\000n\000t\000a\000c\000i\000j\000a\000\040\000i\000\040\000k\000o\000r\000i\000s\000n\000i\001\015\000k\000o\000\040\000s\000u\001\015\000e\000l\000j\000e}{}% 17
\BOOKMARK [1][-]{section.5.1}{\376\377\000K\000o\000r\000i\001\141\000t\000e\000n\000e\000\040\000t\000e\000h\000n\000o\000l\000o\000g\000i\000j\000e\000\040\000i\000\040\000a\000l\000a\000t\000i}{chapter.5}% 18
\BOOKMARK [1][-]{section.5.2}{\376\377\000I\000s\000p\000i\000t\000i\000v\000a\000n\000j\000e\000\040\000p\000r\000o\000g\000r\000a\000m\000s\000k\000o\000g\000\040\000r\000j\000e\001\141\000e\000n\000j\000a}{chapter.5}% 19
\BOOKMARK [2][-]{subsection.5.2.1}{\376\377\000I\000s\000p\000i\000t\000i\000v\000a\000n\000j\000e\000\040\000k\000o\000m\000p\000o\000n\000e\000n\000t\000i}{section.5.2}% 20
\BOOKMARK [2][-]{subsection.5.2.2}{\376\377\000I\000s\000p\000i\000t\000i\000v\000a\000n\000j\000e\000\040\000s\000u\000s\000t\000a\000v\000a}{section.5.2}% 21
\BOOKMARK [1][-]{section.5.3}{\376\377\000D\000i\000j\000a\000g\000r\000a\000m\000\040\000r\000a\000z\000m\000j\000e\001\141\000t\000a\000j\000a}{chapter.5}% 22
\BOOKMARK [1][-]{section.5.4}{\376\377\000U\000p\000u\000t\000e\000\040\000z\000a\000\040\000p\000u\001\141\000t\000a\000n\000j\000e\000\040\000u\000\040\000p\000o\000g\000o\000n}{chapter.5}% 23
\BOOKMARK [0][-]{chapter.6}{\376\377\000Z\000a\000k\000l\000j\000u\001\015\000a\000k\000\040\000i\000\040\000b\000u\000d\000u\001\007\000i\000\040\000r\000a\000d}{}% 24
\BOOKMARK [0][-]{chapter*.4}{\376\377\000P\000o\000p\000i\000s\000\040\000l\000i\000t\000e\000r\000a\000t\000u\000r\000e}{}% 25
\BOOKMARK [0][-]{chapter*.5}{\376\377\000I\000n\000d\000e\000k\000s\000\040\000s\000l\000i\000k\000a\000\040\000i\000\040\000d\000i\000j\000a\000g\000r\000a\000m\000a}{}% 26
\BOOKMARK [0][-]{chapter*.6}{\376\377\000D\000o\000d\000a\000t\000a\000k\000:\000\040\000P\000r\000i\000k\000a\000z\000\040\000a\000k\000t\000i\000v\000n\000o\000s\000t\000i\000\040\000g\000r\000u\000p\000e}{}% 27
